  Main.cpp
C:\Program Files (x86)\Windows Kits\10\Include\10.0.20348.0\um\winbase.h(7704,48): warning C5039: 'TpSetCallbackCleanupGroup': pointer or reference to potentially throwing function passed to 'extern "C"' function under -EHc. Undefined behavior may occur if this function throws an exception.
C:\Program Files (x86)\Windows Kits\10\Include\10.0.20348.0\um\winioctl.h(10971,22): warning C4668: '_WIN32_WINNT_WIN10_TH2' is not defined as a preprocessor macro, replacing with '0' for '#if/#elif'
C:\Program Files (x86)\Windows Kits\10\Include\10.0.20348.0\um\winioctl.h(10977,22): warning C4668: '_WIN32_WINNT_WIN10_RS1' is not defined as a preprocessor macro, replacing with '0' for '#if/#elif'
C:\Program Files (x86)\Windows Kits\10\Include\10.0.20348.0\um\winioctl.h(10982,22): warning C4668: '_WIN32_WINNT_WIN10_TH2' is not defined as a preprocessor macro, replacing with '0' for '#if/#elif'
C:\Program Files (x86)\Windows Kits\10\Include\10.0.20348.0\um\winioctl.h(10986,22): warning C4668: '_WIN32_WINNT_WIN10_TH2' is not defined as a preprocessor macro, replacing with '0' for '#if/#elif'
C:\Program Files (x86)\Windows Kits\10\Include\10.0.20348.0\um\winioctl.h(10993,22): warning C4668: '_WIN32_WINNT_WIN10_RS2' is not defined as a preprocessor macro, replacing with '0' for '#if/#elif'
C:\Program Files (x86)\Windows Kits\10\Include\10.0.20348.0\um\winioctl.h(11003,22): warning C4668: '_WIN32_WINNT_WIN10_RS2' is not defined as a preprocessor macro, replacing with '0' for '#if/#elif'
C:\Program Files (x86)\Windows Kits\10\Include\10.0.20348.0\um\winioctl.h(11007,22): warning C4668: '_WIN32_WINNT_WIN10_TH2' is not defined as a preprocessor macro, replacing with '0' for '#if/#elif'
C:\Program Files (x86)\Windows Kits\10\Include\10.0.20348.0\um\winioctl.h(11012,22): warning C4668: '_WIN32_WINNT_WIN10_RS3' is not defined as a preprocessor macro, replacing with '0' for '#if/#elif'
C:\Program Files (x86)\Windows Kits\10\Include\10.0.20348.0\um\winioctl.h(11019,22): warning C4668: '_WIN32_WINNT_WIN10_RS4' is not defined as a preprocessor macro, replacing with '0' for '#if/#elif'
C:\Program Files (x86)\Windows Kits\10\Include\10.0.20348.0\um\winioctl.h(11022,22): warning C4668: '_WIN32_WINNT_WIN10_RS1' is not defined as a preprocessor macro, replacing with '0' for '#if/#elif'
C:\Program Files (x86)\Windows Kits\10\Include\10.0.20348.0\um\winioctl.h(11025,22): warning C4668: '_WIN32_WINNT_WIN10_RS4' is not defined as a preprocessor macro, replacing with '0' for '#if/#elif'
C:\Program Files (x86)\Windows Kits\10\Include\10.0.20348.0\um\winioctl.h(11030,22): warning C4668: '_WIN32_WINNT_WIN10_RS1' is not defined as a preprocessor macro, replacing with '0' for '#if/#elif'
C:\Program Files (x86)\Windows Kits\10\Include\10.0.20348.0\um\winioctl.h(11033,22): warning C4668: '_WIN32_WINNT_WIN10_RS5' is not defined as a preprocessor macro, replacing with '0' for '#if/#elif'
C:\Program Files (x86)\Windows Kits\10\Include\10.0.20348.0\um\winioctl.h(11240,22): warning C4668: '_WIN32_WINNT_WIN10_RS2' is not defined as a preprocessor macro, replacing with '0' for '#if/#elif'
C:\Program Files (x86)\Windows Kits\10\Include\10.0.20348.0\um\winioctl.h(11264,22): warning C4668: '_WIN32_WINNT_WIN10_RS5' is not defined as a preprocessor macro, replacing with '0' for '#if/#elif'
C:\Program Files (x86)\Windows Kits\10\Include\10.0.20348.0\um\winioctl.h(14736,22): warning C4668: '_WIN32_WINNT_WIN10_RS5' is not defined as a preprocessor macro, replacing with '0' for '#if/#elif'
C:\Program Files (x86)\Windows Kits\10\Include\10.0.20348.0\um\winioctl.h(14938,22): warning C4668: '_WIN32_WINNT_WIN10_RS5' is not defined as a preprocessor macro, replacing with '0' for '#if/#elif'
C:\Program Files (x86)\Windows Kits\10\Include\10.0.20348.0\um\winioctl.h(15041,22): warning C4668: '_WIN32_WINNT_WIN10_RS5' is not defined as a preprocessor macro, replacing with '0' for '#if/#elif'
C:\Program Files (x86)\Windows Kits\10\Include\10.0.20348.0\um\winioctl.h(15137,21): warning C4668: '_WIN32_WINNT_WIN10_RS5' is not defined as a preprocessor macro, replacing with '0' for '#if/#elif'
C:\Program Files (x86)\Windows Kits\10\Include\10.0.20348.0\um\winioctl.h(15241,22): warning C4668: '_WIN32_WINNT_WIN10_RS5' is not defined as a preprocessor macro, replacing with '0' for '#if/#elif'
C:\Program Files (x86)\Windows Kits\10\Include\10.0.20348.0\um\winioctl.h(15985,23): warning C4668: '_WIN32_WINNT_WIN10_RS2' is not defined as a preprocessor macro, replacing with '0' for '#if/#elif'
C:\Program Files (x86)\Windows Kits\10\Include\10.0.20348.0\um\winioctl.h(16073,22): warning C4668: '_WIN32_WINNT_WIN10_RS2' is not defined as a preprocessor macro, replacing with '0' for '#if/#elif'
C:\Program Files (x86)\Windows Kits\10\Include\10.0.20348.0\um\winioctl.h(16199,22): warning C4668: '_WIN32_WINNT_WIN10_RS3' is not defined as a preprocessor macro, replacing with '0' for '#if/#elif'
C:\Program Files (x86)\Windows Kits\10\Include\10.0.20348.0\um\winioctl.h(16348,22): warning C4668: '_WIN32_WINNT_WIN10_RS4' is not defined as a preprocessor macro, replacing with '0' for '#if/#elif'
C:\Program Files (x86)\Windows Kits\10\Include\10.0.20348.0\um\winioctl.h(16361,22): warning C4668: '_WIN32_WINNT_WIN10_RS4' is not defined as a preprocessor macro, replacing with '0' for '#if/#elif'
C:\Program Files (x86)\Windows Kits\10\Include\10.0.20348.0\um\winioctl.h(16591,22): warning C4668: '_WIN32_WINNT_WIN10_RS1' is not defined as a preprocessor macro, replacing with '0' for '#if/#elif'
C:\Program Files (x86)\Windows Kits\10\Include\10.0.20348.0\shared\dxgi.h(182,30): warning C4820: 'DXGI_FRAME_STATISTICS': '4' bytes padding added after data member 'DXGI_FRAME_STATISTICS::SyncRefreshCount'
C:\Program Files (x86)\Windows Kits\10\Include\10.0.20348.0\shared\dxgi.h(189,16): warning C4820: 'DXGI_MAPPED_RECT': '4' bytes padding added after data member 'DXGI_MAPPED_RECT::Pitch'
C:\Program Files (x86)\Windows Kits\10\Include\10.0.20348.0\shared\dxgi.h(299,22): warning C4820: 'DXGI_SWAP_CHAIN_DESC': '4' bytes padding added after data member 'DXGI_SWAP_CHAIN_DESC::BufferCount'
C:\Program Files (x86)\Windows Kits\10\Include\10.0.20348.0\shared\dxgi.h(303,5): warning C4820: 'DXGI_SWAP_CHAIN_DESC': '4' bytes padding added after data member 'DXGI_SWAP_CHAIN_DESC::Flags'
C:\Program Files (x86)\Windows Kits\10\Include\10.0.20348.0\shared\dxgi.h(2528,5): warning C4820: 'DXGI_ADAPTER_DESC1': '4' bytes padding added after data member 'DXGI_ADAPTER_DESC1::Flags'
C:\Program Files (x86)\Windows Kits\10\Include\10.0.20348.0\shared\dxgi1_2.h(1286,62): warning C4820: 'DXGI_PRESENT_PARAMETERS': '4' bytes padding added after data member 'DXGI_PRESENT_PARAMETERS::DirtyRectsCount'
C:\Program Files (x86)\Windows Kits\10\Include\10.0.20348.0\shared\dxgi1_2.h(2119,5): warning C4820: 'DXGI_ADAPTER_DESC2': '4' bytes padding added after data member 'DXGI_ADAPTER_DESC2::ComputePreemptionGranularity'
C:\Program Files (x86)\Windows Kits\10\Include\10.0.20348.0\shared\dxgi1_3.h(1796,30): warning C4820: 'DXGI_FRAME_STATISTICS_MEDIA': '4' bytes padding added after data member 'DXGI_FRAME_STATISTICS_MEDIA::SyncRefreshCount'
C:\Program Files (x86)\Windows Kits\10\Include\10.0.20348.0\um\d3d11.h(1121,24): warning C4820: 'D3D11_SO_DECLARATION_ENTRY': '4' bytes padding added after data member 'D3D11_SO_DECLARATION_ENTRY::Stream'
C:\Program Files (x86)\Windows Kits\10\Include\10.0.20348.0\um\d3d11.h(1126,5): warning C4820: 'D3D11_SO_DECLARATION_ENTRY': '1' bytes padding added after data member 'D3D11_SO_DECLARATION_ENTRY::OutputSlot'
C:\Program Files (x86)\Windows Kits\10\Include\10.0.20348.0\um\d3d11.h(1356,1): warning C4365: '=': conversion from 'LONG' to 'UINT', signed/unsigned mismatch
C:\Program Files (x86)\Windows Kits\10\Include\10.0.20348.0\um\d3d11.h(1357,1): warning C4365: '=': conversion from 'LONG' to 'UINT', signed/unsigned mismatch
C:\Program Files (x86)\Windows Kits\10\Include\10.0.20348.0\um\d3d11.h(1358,1): warning C4365: '=': conversion from 'LONG' to 'UINT', signed/unsigned mismatch
C:\Program Files (x86)\Windows Kits\10\Include\10.0.20348.0\um\d3d11.h(1359,1): warning C4365: '=': conversion from 'LONG' to 'UINT', signed/unsigned mismatch
C:\Program Files (x86)\Windows Kits\10\Include\10.0.20348.0\um\d3d11.h(1360,1): warning C4365: '=': conversion from 'LONG' to 'UINT', signed/unsigned mismatch
C:\Program Files (x86)\Windows Kits\10\Include\10.0.20348.0\um\d3d11.h(1361,1): warning C4365: '=': conversion from 'LONG' to 'UINT', signed/unsigned mismatch
C:\Program Files (x86)\Windows Kits\10\Include\10.0.20348.0\um\d3d11.h(1578,41): warning C4820: 'D3D11_DEPTH_STENCIL_DESC': '2' bytes padding added after data member 'D3D11_DEPTH_STENCIL_DESC::StencilWriteMask'
C:\Program Files (x86)\Windows Kits\10\Include\10.0.20348.0\um\d3d11.h(1831,5): warning C4820: 'D3D11_RENDER_TARGET_BLEND_DESC': '3' bytes padding added after data member 'D3D11_RENDER_TARGET_BLEND_DESC::RenderTargetWriteMask'
C:\Program Files (x86)\Windows Kits\10\Include\10.0.20348.0\um\d3d11.h(3569,1): warning C4061: enumerator 'D3D_SRV_DIMENSION_UNKNOWN' in switch of enum 'D3D_SRV_DIMENSION' is not explicitly handled by a case label
C:\Program Files (x86)\Windows Kits\10\Include\10.0.20348.0\um\d3dcommon.h(305): message : see declaration of 'D3D_SRV_DIMENSION'
C:\Program Files (x86)\Windows Kits\10\Include\10.0.20348.0\um\d3d11.h(3569,1): warning C4061: enumerator 'D3D10_SRV_DIMENSION_UNKNOWN' in switch of enum 'D3D_SRV_DIMENSION' is not explicitly handled by a case label
C:\Program Files (x86)\Windows Kits\10\Include\10.0.20348.0\um\d3dcommon.h(305): message : see declaration of 'D3D_SRV_DIMENSION'
C:\Program Files (x86)\Windows Kits\10\Include\10.0.20348.0\um\d3d11.h(3569,1): warning C4061: enumerator 'D3D10_1_SRV_DIMENSION_UNKNOWN' in switch of enum 'D3D_SRV_DIMENSION' is not explicitly handled by a case label
C:\Program Files (x86)\Windows Kits\10\Include\10.0.20348.0\um\d3dcommon.h(305): message : see declaration of 'D3D_SRV_DIMENSION'
C:\Program Files (x86)\Windows Kits\10\Include\10.0.20348.0\um\d3d11.h(3569,1): warning C4061: enumerator 'D3D11_SRV_DIMENSION_UNKNOWN' in switch of enum 'D3D_SRV_DIMENSION' is not explicitly handled by a case label
C:\Program Files (x86)\Windows Kits\10\Include\10.0.20348.0\um\d3dcommon.h(305): message : see declaration of 'D3D_SRV_DIMENSION'
C:\Program Files (x86)\Windows Kits\10\Include\10.0.20348.0\um\d3d11.h(3617,1): warning C4061: enumerator 'D3D_SRV_DIMENSION_UNKNOWN' in switch of enum 'D3D_SRV_DIMENSION' is not explicitly handled by a case label
C:\Program Files (x86)\Windows Kits\10\Include\10.0.20348.0\um\d3dcommon.h(305): message : see declaration of 'D3D_SRV_DIMENSION'
C:\Program Files (x86)\Windows Kits\10\Include\10.0.20348.0\um\d3d11.h(3617,1): warning C4061: enumerator 'D3D_SRV_DIMENSION_BUFFER' in switch of enum 'D3D_SRV_DIMENSION' is not explicitly handled by a case label
C:\Program Files (x86)\Windows Kits\10\Include\10.0.20348.0\um\d3dcommon.h(305): message : see declaration of 'D3D_SRV_DIMENSION'
C:\Program Files (x86)\Windows Kits\10\Include\10.0.20348.0\um\d3d11.h(3617,1): warning C4061: enumerator 'D3D_SRV_DIMENSION_TEXTURE2D' in switch of enum 'D3D_SRV_DIMENSION' is not explicitly handled by a case label
C:\Program Files (x86)\Windows Kits\10\Include\10.0.20348.0\um\d3dcommon.h(305): message : see declaration of 'D3D_SRV_DIMENSION'
C:\Program Files (x86)\Windows Kits\10\Include\10.0.20348.0\um\d3d11.h(3617,1): warning C4061: enumerator 'D3D_SRV_DIMENSION_TEXTURE2DARRAY' in switch of enum 'D3D_SRV_DIMENSION' is not explicitly handled by a case label
C:\Program Files (x86)\Windows Kits\10\Include\10.0.20348.0\um\d3dcommon.h(305): message : see declaration of 'D3D_SRV_DIMENSION'
C:\Program Files (x86)\Windows Kits\10\Include\10.0.20348.0\um\d3d11.h(3617,1): warning C4061: enumerator 'D3D_SRV_DIMENSION_TEXTURE2DMS' in switch of enum 'D3D_SRV_DIMENSION' is not explicitly handled by a case label
C:\Program Files (x86)\Windows Kits\10\Include\10.0.20348.0\um\d3dcommon.h(305): message : see declaration of 'D3D_SRV_DIMENSION'
C:\Program Files (x86)\Windows Kits\10\Include\10.0.20348.0\um\d3d11.h(3617,1): warning C4061: enumerator 'D3D_SRV_DIMENSION_TEXTURE2DMSARRAY' in switch of enum 'D3D_SRV_DIMENSION' is not explicitly handled by a case label
C:\Program Files (x86)\Windows Kits\10\Include\10.0.20348.0\um\d3dcommon.h(305): message : see declaration of 'D3D_SRV_DIMENSION'
C:\Program Files (x86)\Windows Kits\10\Include\10.0.20348.0\um\d3d11.h(3617,1): warning C4061: enumerator 'D3D_SRV_DIMENSION_TEXTURE3D' in switch of enum 'D3D_SRV_DIMENSION' is not explicitly handled by a case label
C:\Program Files (x86)\Windows Kits\10\Include\10.0.20348.0\um\d3dcommon.h(305): message : see declaration of 'D3D_SRV_DIMENSION'
C:\Program Files (x86)\Windows Kits\10\Include\10.0.20348.0\um\d3d11.h(3617,1): warning C4061: enumerator 'D3D_SRV_DIMENSION_TEXTURECUBE' in switch of enum 'D3D_SRV_DIMENSION' is not explicitly handled by a case label
C:\Program Files (x86)\Windows Kits\10\Include\10.0.20348.0\um\d3dcommon.h(305): message : see declaration of 'D3D_SRV_DIMENSION'
C:\Program Files (x86)\Windows Kits\10\Include\10.0.20348.0\um\d3d11.h(3617,1): warning C4061: enumerator 'D3D_SRV_DIMENSION_TEXTURECUBEARRAY' in switch of enum 'D3D_SRV_DIMENSION' is not explicitly handled by a case label
C:\Program Files (x86)\Windows Kits\10\Include\10.0.20348.0\um\d3dcommon.h(305): message : see declaration of 'D3D_SRV_DIMENSION'
C:\Program Files (x86)\Windows Kits\10\Include\10.0.20348.0\um\d3d11.h(3617,1): warning C4061: enumerator 'D3D_SRV_DIMENSION_BUFFEREX' in switch of enum 'D3D_SRV_DIMENSION' is not explicitly handled by a case label
C:\Program Files (x86)\Windows Kits\10\Include\10.0.20348.0\um\d3dcommon.h(305): message : see declaration of 'D3D_SRV_DIMENSION'
C:\Program Files (x86)\Windows Kits\10\Include\10.0.20348.0\um\d3d11.h(3617,1): warning C4061: enumerator 'D3D10_SRV_DIMENSION_UNKNOWN' in switch of enum 'D3D_SRV_DIMENSION' is not explicitly handled by a case label
C:\Program Files (x86)\Windows Kits\10\Include\10.0.20348.0\um\d3dcommon.h(305): message : see declaration of 'D3D_SRV_DIMENSION'
C:\Program Files (x86)\Windows Kits\10\Include\10.0.20348.0\um\d3d11.h(3617,1): warning C4061: enumerator 'D3D10_SRV_DIMENSION_BUFFER' in switch of enum 'D3D_SRV_DIMENSION' is not explicitly handled by a case label
C:\Program Files (x86)\Windows Kits\10\Include\10.0.20348.0\um\d3dcommon.h(305): message : see declaration of 'D3D_SRV_DIMENSION'
C:\Program Files (x86)\Windows Kits\10\Include\10.0.20348.0\um\d3d11.h(3617,1): warning C4061: enumerator 'D3D10_SRV_DIMENSION_TEXTURE2D' in switch of enum 'D3D_SRV_DIMENSION' is not explicitly handled by a case label
C:\Program Files (x86)\Windows Kits\10\Include\10.0.20348.0\um\d3dcommon.h(305): message : see declaration of 'D3D_SRV_DIMENSION'
C:\Program Files (x86)\Windows Kits\10\Include\10.0.20348.0\um\d3d11.h(3617,1): warning C4061: enumerator 'D3D10_SRV_DIMENSION_TEXTURE2DARRAY' in switch of enum 'D3D_SRV_DIMENSION' is not explicitly handled by a case label
C:\Program Files (x86)\Windows Kits\10\Include\10.0.20348.0\um\d3dcommon.h(305): message : see declaration of 'D3D_SRV_DIMENSION'
C:\Program Files (x86)\Windows Kits\10\Include\10.0.20348.0\um\d3d11.h(3617,1): warning C4061: enumerator 'D3D10_SRV_DIMENSION_TEXTURE2DMS' in switch of enum 'D3D_SRV_DIMENSION' is not explicitly handled by a case label
C:\Program Files (x86)\Windows Kits\10\Include\10.0.20348.0\um\d3dcommon.h(305): message : see declaration of 'D3D_SRV_DIMENSION'
C:\Program Files (x86)\Windows Kits\10\Include\10.0.20348.0\um\d3d11.h(3617,1): warning C4061: enumerator 'D3D10_SRV_DIMENSION_TEXTURE2DMSARRAY' in switch of enum 'D3D_SRV_DIMENSION' is not explicitly handled by a case label
C:\Program Files (x86)\Windows Kits\10\Include\10.0.20348.0\um\d3dcommon.h(305): message : see declaration of 'D3D_SRV_DIMENSION'
C:\Program Files (x86)\Windows Kits\10\Include\10.0.20348.0\um\d3d11.h(3617,1): warning C4061: enumerator 'D3D10_SRV_DIMENSION_TEXTURE3D' in switch of enum 'D3D_SRV_DIMENSION' is not explicitly handled by a case label
C:\Program Files (x86)\Windows Kits\10\Include\10.0.20348.0\um\d3dcommon.h(305): message : see declaration of 'D3D_SRV_DIMENSION'
C:\Program Files (x86)\Windows Kits\10\Include\10.0.20348.0\um\d3d11.h(3617,1): warning C4061: enumerator 'D3D10_SRV_DIMENSION_TEXTURECUBE' in switch of enum 'D3D_SRV_DIMENSION' is not explicitly handled by a case label
C:\Program Files (x86)\Windows Kits\10\Include\10.0.20348.0\um\d3dcommon.h(305): message : see declaration of 'D3D_SRV_DIMENSION'
C:\Program Files (x86)\Windows Kits\10\Include\10.0.20348.0\um\d3d11.h(3617,1): warning C4061: enumerator 'D3D10_1_SRV_DIMENSION_UNKNOWN' in switch of enum 'D3D_SRV_DIMENSION' is not explicitly handled by a case label
C:\Program Files (x86)\Windows Kits\10\Include\10.0.20348.0\um\d3dcommon.h(305): message : see declaration of 'D3D_SRV_DIMENSION'
C:\Program Files (x86)\Windows Kits\10\Include\10.0.20348.0\um\d3d11.h(3617,1): warning C4061: enumerator 'D3D10_1_SRV_DIMENSION_BUFFER' in switch of enum 'D3D_SRV_DIMENSION' is not explicitly handled by a case label
C:\Program Files (x86)\Windows Kits\10\Include\10.0.20348.0\um\d3dcommon.h(305): message : see declaration of 'D3D_SRV_DIMENSION'
C:\Program Files (x86)\Windows Kits\10\Include\10.0.20348.0\um\d3d11.h(3617,1): warning C4061: enumerator 'D3D10_1_SRV_DIMENSION_TEXTURE2D' in switch of enum 'D3D_SRV_DIMENSION' is not explicitly handled by a case label
C:\Program Files (x86)\Windows Kits\10\Include\10.0.20348.0\um\d3dcommon.h(305): message : see declaration of 'D3D_SRV_DIMENSION'
C:\Program Files (x86)\Windows Kits\10\Include\10.0.20348.0\um\d3d11.h(3617,1): warning C4061: enumerator 'D3D10_1_SRV_DIMENSION_TEXTURE2DARRAY' in switch of enum 'D3D_SRV_DIMENSION' is not explicitly handled by a case label
C:\Program Files (x86)\Windows Kits\10\Include\10.0.20348.0\um\d3dcommon.h(305): message : see declaration of 'D3D_SRV_DIMENSION'
C:\Program Files (x86)\Windows Kits\10\Include\10.0.20348.0\um\d3d11.h(3617,1): warning C4061: enumerator 'D3D10_1_SRV_DIMENSION_TEXTURE2DMS' in switch of enum 'D3D_SRV_DIMENSION' is not explicitly handled by a case label
C:\Program Files (x86)\Windows Kits\10\Include\10.0.20348.0\um\d3dcommon.h(305): message : see declaration of 'D3D_SRV_DIMENSION'
C:\Program Files (x86)\Windows Kits\10\Include\10.0.20348.0\um\d3d11.h(3617,1): warning C4061: enumerator 'D3D10_1_SRV_DIMENSION_TEXTURE2DMSARRAY' in switch of enum 'D3D_SRV_DIMENSION' is not explicitly handled by a case label
C:\Program Files (x86)\Windows Kits\10\Include\10.0.20348.0\um\d3dcommon.h(305): message : see declaration of 'D3D_SRV_DIMENSION'
C:\Program Files (x86)\Windows Kits\10\Include\10.0.20348.0\um\d3d11.h(3617,1): warning C4061: enumerator 'D3D10_1_SRV_DIMENSION_TEXTURE3D' in switch of enum 'D3D_SRV_DIMENSION' is not explicitly handled by a case label
C:\Program Files (x86)\Windows Kits\10\Include\10.0.20348.0\um\d3dcommon.h(305): message : see declaration of 'D3D_SRV_DIMENSION'
C:\Program Files (x86)\Windows Kits\10\Include\10.0.20348.0\um\d3d11.h(3617,1): warning C4061: enumerator 'D3D10_1_SRV_DIMENSION_TEXTURECUBE' in switch of enum 'D3D_SRV_DIMENSION' is not explicitly handled by a case label
C:\Program Files (x86)\Windows Kits\10\Include\10.0.20348.0\um\d3dcommon.h(305): message : see declaration of 'D3D_SRV_DIMENSION'
C:\Program Files (x86)\Windows Kits\10\Include\10.0.20348.0\um\d3d11.h(3617,1): warning C4061: enumerator 'D3D10_1_SRV_DIMENSION_TEXTURECUBEARRAY' in switch of enum 'D3D_SRV_DIMENSION' is not explicitly handled by a case label
C:\Program Files (x86)\Windows Kits\10\Include\10.0.20348.0\um\d3dcommon.h(305): message : see declaration of 'D3D_SRV_DIMENSION'
C:\Program Files (x86)\Windows Kits\10\Include\10.0.20348.0\um\d3d11.h(3617,1): warning C4061: enumerator 'D3D11_SRV_DIMENSION_UNKNOWN' in switch of enum 'D3D_SRV_DIMENSION' is not explicitly handled by a case label
C:\Program Files (x86)\Windows Kits\10\Include\10.0.20348.0\um\d3dcommon.h(305): message : see declaration of 'D3D_SRV_DIMENSION'
C:\Program Files (x86)\Windows Kits\10\Include\10.0.20348.0\um\d3d11.h(3617,1): warning C4061: enumerator 'D3D11_SRV_DIMENSION_BUFFER' in switch of enum 'D3D_SRV_DIMENSION' is not explicitly handled by a case label
C:\Program Files (x86)\Windows Kits\10\Include\10.0.20348.0\um\d3dcommon.h(305): message : see declaration of 'D3D_SRV_DIMENSION'
C:\Program Files (x86)\Windows Kits\10\Include\10.0.20348.0\um\d3d11.h(3617,1): warning C4061: enumerator 'D3D11_SRV_DIMENSION_TEXTURE2D' in switch of enum 'D3D_SRV_DIMENSION' is not explicitly handled by a case label
C:\Program Files (x86)\Windows Kits\10\Include\10.0.20348.0\um\d3dcommon.h(305): message : see declaration of 'D3D_SRV_DIMENSION'
C:\Program Files (x86)\Windows Kits\10\Include\10.0.20348.0\um\d3d11.h(3617,1): warning C4061: enumerator 'D3D11_SRV_DIMENSION_TEXTURE2DARRAY' in switch of enum 'D3D_SRV_DIMENSION' is not explicitly handled by a case label
C:\Program Files (x86)\Windows Kits\10\Include\10.0.20348.0\um\d3dcommon.h(305): message : see declaration of 'D3D_SRV_DIMENSION'
C:\Program Files (x86)\Windows Kits\10\Include\10.0.20348.0\um\d3d11.h(3617,1): warning C4061: enumerator 'D3D11_SRV_DIMENSION_TEXTURE2DMS' in switch of enum 'D3D_SRV_DIMENSION' is not explicitly handled by a case label
C:\Program Files (x86)\Windows Kits\10\Include\10.0.20348.0\um\d3dcommon.h(305): message : see declaration of 'D3D_SRV_DIMENSION'
C:\Program Files (x86)\Windows Kits\10\Include\10.0.20348.0\um\d3d11.h(3617,1): warning C4061: enumerator 'D3D11_SRV_DIMENSION_TEXTURE2DMSARRAY' in switch of enum 'D3D_SRV_DIMENSION' is not explicitly handled by a case label
C:\Program Files (x86)\Windows Kits\10\Include\10.0.20348.0\um\d3dcommon.h(305): message : see declaration of 'D3D_SRV_DIMENSION'
C:\Program Files (x86)\Windows Kits\10\Include\10.0.20348.0\um\d3d11.h(3617,1): warning C4061: enumerator 'D3D11_SRV_DIMENSION_TEXTURE3D' in switch of enum 'D3D_SRV_DIMENSION' is not explicitly handled by a case label
C:\Program Files (x86)\Windows Kits\10\Include\10.0.20348.0\um\d3dcommon.h(305): message : see declaration of 'D3D_SRV_DIMENSION'
C:\Program Files (x86)\Windows Kits\10\Include\10.0.20348.0\um\d3d11.h(3617,1): warning C4061: enumerator 'D3D11_SRV_DIMENSION_TEXTURECUBE' in switch of enum 'D3D_SRV_DIMENSION' is not explicitly handled by a case label
C:\Program Files (x86)\Windows Kits\10\Include\10.0.20348.0\um\d3dcommon.h(305): message : see declaration of 'D3D_SRV_DIMENSION'
C:\Program Files (x86)\Windows Kits\10\Include\10.0.20348.0\um\d3d11.h(3617,1): warning C4061: enumerator 'D3D11_SRV_DIMENSION_TEXTURECUBEARRAY' in switch of enum 'D3D_SRV_DIMENSION' is not explicitly handled by a case label
C:\Program Files (x86)\Windows Kits\10\Include\10.0.20348.0\um\d3dcommon.h(305): message : see declaration of 'D3D_SRV_DIMENSION'
C:\Program Files (x86)\Windows Kits\10\Include\10.0.20348.0\um\d3d11.h(3617,1): warning C4061: enumerator 'D3D11_SRV_DIMENSION_BUFFEREX' in switch of enum 'D3D_SRV_DIMENSION' is not explicitly handled by a case label
C:\Program Files (x86)\Windows Kits\10\Include\10.0.20348.0\um\d3dcommon.h(305): message : see declaration of 'D3D_SRV_DIMENSION'
C:\Program Files (x86)\Windows Kits\10\Include\10.0.20348.0\um\d3d11.h(3678,1): warning C4061: enumerator 'D3D_SRV_DIMENSION_UNKNOWN' in switch of enum 'D3D_SRV_DIMENSION' is not explicitly handled by a case label
C:\Program Files (x86)\Windows Kits\10\Include\10.0.20348.0\um\d3dcommon.h(305): message : see declaration of 'D3D_SRV_DIMENSION'
C:\Program Files (x86)\Windows Kits\10\Include\10.0.20348.0\um\d3d11.h(3678,1): warning C4061: enumerator 'D3D_SRV_DIMENSION_BUFFER' in switch of enum 'D3D_SRV_DIMENSION' is not explicitly handled by a case label
C:\Program Files (x86)\Windows Kits\10\Include\10.0.20348.0\um\d3dcommon.h(305): message : see declaration of 'D3D_SRV_DIMENSION'
C:\Program Files (x86)\Windows Kits\10\Include\10.0.20348.0\um\d3d11.h(3678,1): warning C4061: enumerator 'D3D_SRV_DIMENSION_TEXTURE1D' in switch of enum 'D3D_SRV_DIMENSION' is not explicitly handled by a case label
C:\Program Files (x86)\Windows Kits\10\Include\10.0.20348.0\um\d3dcommon.h(305): message : see declaration of 'D3D_SRV_DIMENSION'
C:\Program Files (x86)\Windows Kits\10\Include\10.0.20348.0\um\d3d11.h(3678,1): warning C4061: enumerator 'D3D_SRV_DIMENSION_TEXTURE1DARRAY' in switch of enum 'D3D_SRV_DIMENSION' is not explicitly handled by a case label
C:\Program Files (x86)\Windows Kits\10\Include\10.0.20348.0\um\d3dcommon.h(305): message : see declaration of 'D3D_SRV_DIMENSION'
C:\Program Files (x86)\Windows Kits\10\Include\10.0.20348.0\um\d3d11.h(3678,1): warning C4061: enumerator 'D3D_SRV_DIMENSION_TEXTURE3D' in switch of enum 'D3D_SRV_DIMENSION' is not explicitly handled by a case label
C:\Program Files (x86)\Windows Kits\10\Include\10.0.20348.0\um\d3dcommon.h(305): message : see declaration of 'D3D_SRV_DIMENSION'
C:\Program Files (x86)\Windows Kits\10\Include\10.0.20348.0\um\d3d11.h(3678,1): warning C4061: enumerator 'D3D_SRV_DIMENSION_BUFFEREX' in switch of enum 'D3D_SRV_DIMENSION' is not explicitly handled by a case label
C:\Program Files (x86)\Windows Kits\10\Include\10.0.20348.0\um\d3dcommon.h(305): message : see declaration of 'D3D_SRV_DIMENSION'
C:\Program Files (x86)\Windows Kits\10\Include\10.0.20348.0\um\d3d11.h(3678,1): warning C4061: enumerator 'D3D10_SRV_DIMENSION_UNKNOWN' in switch of enum 'D3D_SRV_DIMENSION' is not explicitly handled by a case label
C:\Program Files (x86)\Windows Kits\10\Include\10.0.20348.0\um\d3dcommon.h(305): message : see declaration of 'D3D_SRV_DIMENSION'
C:\Program Files (x86)\Windows Kits\10\Include\10.0.20348.0\um\d3d11.h(3678,1): warning C4061: enumerator 'D3D10_SRV_DIMENSION_BUFFER' in switch of enum 'D3D_SRV_DIMENSION' is not explicitly handled by a case label
C:\Program Files (x86)\Windows Kits\10\Include\10.0.20348.0\um\d3dcommon.h(305): message : see declaration of 'D3D_SRV_DIMENSION'
C:\Program Files (x86)\Windows Kits\10\Include\10.0.20348.0\um\d3d11.h(3678,1): warning C4061: enumerator 'D3D10_SRV_DIMENSION_TEXTURE1D' in switch of enum 'D3D_SRV_DIMENSION' is not explicitly handled by a case label
C:\Program Files (x86)\Windows Kits\10\Include\10.0.20348.0\um\d3dcommon.h(305): message : see declaration of 'D3D_SRV_DIMENSION'
C:\Program Files (x86)\Windows Kits\10\Include\10.0.20348.0\um\d3d11.h(3678,1): warning C4061: enumerator 'D3D10_SRV_DIMENSION_TEXTURE1DARRAY' in switch of enum 'D3D_SRV_DIMENSION' is not explicitly handled by a case label
C:\Program Files (x86)\Windows Kits\10\Include\10.0.20348.0\um\d3dcommon.h(305): message : see declaration of 'D3D_SRV_DIMENSION'
C:\Program Files (x86)\Windows Kits\10\Include\10.0.20348.0\um\d3d11.h(3678,1): warning C4061: enumerator 'D3D10_SRV_DIMENSION_TEXTURE3D' in switch of enum 'D3D_SRV_DIMENSION' is not explicitly handled by a case label
C:\Program Files (x86)\Windows Kits\10\Include\10.0.20348.0\um\d3dcommon.h(305): message : see declaration of 'D3D_SRV_DIMENSION'
C:\Program Files (x86)\Windows Kits\10\Include\10.0.20348.0\um\d3d11.h(3678,1): warning C4061: enumerator 'D3D10_1_SRV_DIMENSION_UNKNOWN' in switch of enum 'D3D_SRV_DIMENSION' is not explicitly handled by a case label
C:\Program Files (x86)\Windows Kits\10\Include\10.0.20348.0\um\d3dcommon.h(305): message : see declaration of 'D3D_SRV_DIMENSION'
C:\Program Files (x86)\Windows Kits\10\Include\10.0.20348.0\um\d3d11.h(3678,1): warning C4061: enumerator 'D3D10_1_SRV_DIMENSION_BUFFER' in switch of enum 'D3D_SRV_DIMENSION' is not explicitly handled by a case label
C:\Program Files (x86)\Windows Kits\10\Include\10.0.20348.0\um\d3dcommon.h(305): message : see declaration of 'D3D_SRV_DIMENSION'
C:\Program Files (x86)\Windows Kits\10\Include\10.0.20348.0\um\d3d11.h(3678,1): warning C4061: enumerator 'D3D10_1_SRV_DIMENSION_TEXTURE1D' in switch of enum 'D3D_SRV_DIMENSION' is not explicitly handled by a case label
C:\Program Files (x86)\Windows Kits\10\Include\10.0.20348.0\um\d3dcommon.h(305): message : see declaration of 'D3D_SRV_DIMENSION'
C:\Program Files (x86)\Windows Kits\10\Include\10.0.20348.0\um\d3d11.h(3678,1): warning C4061: enumerator 'D3D10_1_SRV_DIMENSION_TEXTURE1DARRAY' in switch of enum 'D3D_SRV_DIMENSION' is not explicitly handled by a case label
C:\Program Files (x86)\Windows Kits\10\Include\10.0.20348.0\um\d3dcommon.h(305): message : see declaration of 'D3D_SRV_DIMENSION'
C:\Program Files (x86)\Windows Kits\10\Include\10.0.20348.0\um\d3d11.h(3678,1): warning C4061: enumerator 'D3D10_1_SRV_DIMENSION_TEXTURE3D' in switch of enum 'D3D_SRV_DIMENSION' is not explicitly handled by a case label
C:\Program Files (x86)\Windows Kits\10\Include\10.0.20348.0\um\d3dcommon.h(305): message : see declaration of 'D3D_SRV_DIMENSION'
C:\Program Files (x86)\Windows Kits\10\Include\10.0.20348.0\um\d3d11.h(3678,1): warning C4061: enumerator 'D3D11_SRV_DIMENSION_UNKNOWN' in switch of enum 'D3D_SRV_DIMENSION' is not explicitly handled by a case label
C:\Program Files (x86)\Windows Kits\10\Include\10.0.20348.0\um\d3dcommon.h(305): message : see declaration of 'D3D_SRV_DIMENSION'
C:\Program Files (x86)\Windows Kits\10\Include\10.0.20348.0\um\d3d11.h(3678,1): warning C4061: enumerator 'D3D11_SRV_DIMENSION_BUFFER' in switch of enum 'D3D_SRV_DIMENSION' is not explicitly handled by a case label
C:\Program Files (x86)\Windows Kits\10\Include\10.0.20348.0\um\d3dcommon.h(305): message : see declaration of 'D3D_SRV_DIMENSION'
C:\Program Files (x86)\Windows Kits\10\Include\10.0.20348.0\um\d3d11.h(3678,1): warning C4061: enumerator 'D3D11_SRV_DIMENSION_TEXTURE1D' in switch of enum 'D3D_SRV_DIMENSION' is not explicitly handled by a case label
C:\Program Files (x86)\Windows Kits\10\Include\10.0.20348.0\um\d3dcommon.h(305): message : see declaration of 'D3D_SRV_DIMENSION'
C:\Program Files (x86)\Windows Kits\10\Include\10.0.20348.0\um\d3d11.h(3678,1): warning C4061: enumerator 'D3D11_SRV_DIMENSION_TEXTURE1DARRAY' in switch of enum 'D3D_SRV_DIMENSION' is not explicitly handled by a case label
C:\Program Files (x86)\Windows Kits\10\Include\10.0.20348.0\um\d3dcommon.h(305): message : see declaration of 'D3D_SRV_DIMENSION'
C:\Program Files (x86)\Windows Kits\10\Include\10.0.20348.0\um\d3d11.h(3678,1): warning C4061: enumerator 'D3D11_SRV_DIMENSION_TEXTURE3D' in switch of enum 'D3D_SRV_DIMENSION' is not explicitly handled by a case label
C:\Program Files (x86)\Windows Kits\10\Include\10.0.20348.0\um\d3dcommon.h(305): message : see declaration of 'D3D_SRV_DIMENSION'
C:\Program Files (x86)\Windows Kits\10\Include\10.0.20348.0\um\d3d11.h(3678,1): warning C4061: enumerator 'D3D11_SRV_DIMENSION_BUFFEREX' in switch of enum 'D3D_SRV_DIMENSION' is not explicitly handled by a case label
C:\Program Files (x86)\Windows Kits\10\Include\10.0.20348.0\um\d3dcommon.h(305): message : see declaration of 'D3D_SRV_DIMENSION'
C:\Program Files (x86)\Windows Kits\10\Include\10.0.20348.0\um\d3d11.h(3977,1): warning C4061: enumerator 'D3D11_RTV_DIMENSION_UNKNOWN' in switch of enum 'D3D11_RTV_DIMENSION' is not explicitly handled by a case label
C:\Program Files (x86)\Windows Kits\10\Include\10.0.20348.0\um\d3d11.h(1191): message : see declaration of 'D3D11_RTV_DIMENSION'
C:\Program Files (x86)\Windows Kits\10\Include\10.0.20348.0\um\d3d11.h(4019,1): warning C4061: enumerator 'D3D11_RTV_DIMENSION_UNKNOWN' in switch of enum 'D3D11_RTV_DIMENSION' is not explicitly handled by a case label
C:\Program Files (x86)\Windows Kits\10\Include\10.0.20348.0\um\d3d11.h(1191): message : see declaration of 'D3D11_RTV_DIMENSION'
C:\Program Files (x86)\Windows Kits\10\Include\10.0.20348.0\um\d3d11.h(4019,1): warning C4061: enumerator 'D3D11_RTV_DIMENSION_BUFFER' in switch of enum 'D3D11_RTV_DIMENSION' is not explicitly handled by a case label
C:\Program Files (x86)\Windows Kits\10\Include\10.0.20348.0\um\d3d11.h(1191): message : see declaration of 'D3D11_RTV_DIMENSION'
C:\Program Files (x86)\Windows Kits\10\Include\10.0.20348.0\um\d3d11.h(4019,1): warning C4061: enumerator 'D3D11_RTV_DIMENSION_TEXTURE2D' in switch of enum 'D3D11_RTV_DIMENSION' is not explicitly handled by a case label
C:\Program Files (x86)\Windows Kits\10\Include\10.0.20348.0\um\d3d11.h(1191): message : see declaration of 'D3D11_RTV_DIMENSION'
C:\Program Files (x86)\Windows Kits\10\Include\10.0.20348.0\um\d3d11.h(4019,1): warning C4061: enumerator 'D3D11_RTV_DIMENSION_TEXTURE2DARRAY' in switch of enum 'D3D11_RTV_DIMENSION' is not explicitly handled by a case label
C:\Program Files (x86)\Windows Kits\10\Include\10.0.20348.0\um\d3d11.h(1191): message : see declaration of 'D3D11_RTV_DIMENSION'
C:\Program Files (x86)\Windows Kits\10\Include\10.0.20348.0\um\d3d11.h(4019,1): warning C4061: enumerator 'D3D11_RTV_DIMENSION_TEXTURE2DMS' in switch of enum 'D3D11_RTV_DIMENSION' is not explicitly handled by a case label
C:\Program Files (x86)\Windows Kits\10\Include\10.0.20348.0\um\d3d11.h(1191): message : see declaration of 'D3D11_RTV_DIMENSION'
C:\Program Files (x86)\Windows Kits\10\Include\10.0.20348.0\um\d3d11.h(4019,1): warning C4061: enumerator 'D3D11_RTV_DIMENSION_TEXTURE2DMSARRAY' in switch of enum 'D3D11_RTV_DIMENSION' is not explicitly handled by a case label
C:\Program Files (x86)\Windows Kits\10\Include\10.0.20348.0\um\d3d11.h(1191): message : see declaration of 'D3D11_RTV_DIMENSION'
C:\Program Files (x86)\Windows Kits\10\Include\10.0.20348.0\um\d3d11.h(4019,1): warning C4061: enumerator 'D3D11_RTV_DIMENSION_TEXTURE3D' in switch of enum 'D3D11_RTV_DIMENSION' is not explicitly handled by a case label
C:\Program Files (x86)\Windows Kits\10\Include\10.0.20348.0\um\d3d11.h(1191): message : see declaration of 'D3D11_RTV_DIMENSION'
C:\Program Files (x86)\Windows Kits\10\Include\10.0.20348.0\um\d3d11.h(4058,1): warning C4061: enumerator 'D3D11_RTV_DIMENSION_UNKNOWN' in switch of enum 'D3D11_RTV_DIMENSION' is not explicitly handled by a case label
C:\Program Files (x86)\Windows Kits\10\Include\10.0.20348.0\um\d3d11.h(1191): message : see declaration of 'D3D11_RTV_DIMENSION'
C:\Program Files (x86)\Windows Kits\10\Include\10.0.20348.0\um\d3d11.h(4058,1): warning C4061: enumerator 'D3D11_RTV_DIMENSION_BUFFER' in switch of enum 'D3D11_RTV_DIMENSION' is not explicitly handled by a case label
C:\Program Files (x86)\Windows Kits\10\Include\10.0.20348.0\um\d3d11.h(1191): message : see declaration of 'D3D11_RTV_DIMENSION'
C:\Program Files (x86)\Windows Kits\10\Include\10.0.20348.0\um\d3d11.h(4058,1): warning C4061: enumerator 'D3D11_RTV_DIMENSION_TEXTURE1D' in switch of enum 'D3D11_RTV_DIMENSION' is not explicitly handled by a case label
C:\Program Files (x86)\Windows Kits\10\Include\10.0.20348.0\um\d3d11.h(1191): message : see declaration of 'D3D11_RTV_DIMENSION'
C:\Program Files (x86)\Windows Kits\10\Include\10.0.20348.0\um\d3d11.h(4058,1): warning C4061: enumerator 'D3D11_RTV_DIMENSION_TEXTURE1DARRAY' in switch of enum 'D3D11_RTV_DIMENSION' is not explicitly handled by a case label
C:\Program Files (x86)\Windows Kits\10\Include\10.0.20348.0\um\d3d11.h(1191): message : see declaration of 'D3D11_RTV_DIMENSION'
C:\Program Files (x86)\Windows Kits\10\Include\10.0.20348.0\um\d3d11.h(4058,1): warning C4061: enumerator 'D3D11_RTV_DIMENSION_TEXTURE3D' in switch of enum 'D3D11_RTV_DIMENSION' is not explicitly handled by a case label
C:\Program Files (x86)\Windows Kits\10\Include\10.0.20348.0\um\d3d11.h(1191): message : see declaration of 'D3D11_RTV_DIMENSION'
C:\Program Files (x86)\Windows Kits\10\Include\10.0.20348.0\um\d3d11.h(4274,1): warning C4061: enumerator 'D3D11_RTV_DIMENSION_UNKNOWN' in switch of enum 'D3D11_RTV_DIMENSION' is not explicitly handled by a case label
C:\Program Files (x86)\Windows Kits\10\Include\10.0.20348.0\um\d3d11.h(1191): message : see declaration of 'D3D11_RTV_DIMENSION'
C:\Program Files (x86)\Windows Kits\10\Include\10.0.20348.0\um\d3d11.h(4274,1): warning C4061: enumerator 'D3D11_RTV_DIMENSION_TEXTURE1D' in switch of enum 'D3D11_RTV_DIMENSION' is not explicitly handled by a case label
C:\Program Files (x86)\Windows Kits\10\Include\10.0.20348.0\um\d3d11.h(1191): message : see declaration of 'D3D11_RTV_DIMENSION'
C:\Program Files (x86)\Windows Kits\10\Include\10.0.20348.0\um\d3d11.h(4274,1): warning C4061: enumerator 'D3D11_RTV_DIMENSION_TEXTURE1DARRAY' in switch of enum 'D3D11_RTV_DIMENSION' is not explicitly handled by a case label
C:\Program Files (x86)\Windows Kits\10\Include\10.0.20348.0\um\d3d11.h(1191): message : see declaration of 'D3D11_RTV_DIMENSION'
C:\Program Files (x86)\Windows Kits\10\Include\10.0.20348.0\um\d3d11.h(4274,1): warning C4061: enumerator 'D3D11_RTV_DIMENSION_TEXTURE2D' in switch of enum 'D3D11_RTV_DIMENSION' is not explicitly handled by a case label
C:\Program Files (x86)\Windows Kits\10\Include\10.0.20348.0\um\d3d11.h(1191): message : see declaration of 'D3D11_RTV_DIMENSION'
C:\Program Files (x86)\Windows Kits\10\Include\10.0.20348.0\um\d3d11.h(4274,1): warning C4061: enumerator 'D3D11_RTV_DIMENSION_TEXTURE2DARRAY' in switch of enum 'D3D11_RTV_DIMENSION' is not explicitly handled by a case label
C:\Program Files (x86)\Windows Kits\10\Include\10.0.20348.0\um\d3d11.h(1191): message : see declaration of 'D3D11_RTV_DIMENSION'
C:\Program Files (x86)\Windows Kits\10\Include\10.0.20348.0\um\d3d11.h(4274,1): warning C4061: enumerator 'D3D11_RTV_DIMENSION_TEXTURE2DMS' in switch of enum 'D3D11_RTV_DIMENSION' is not explicitly handled by a case label
C:\Program Files (x86)\Windows Kits\10\Include\10.0.20348.0\um\d3d11.h(1191): message : see declaration of 'D3D11_RTV_DIMENSION'
C:\Program Files (x86)\Windows Kits\10\Include\10.0.20348.0\um\d3d11.h(4274,1): warning C4061: enumerator 'D3D11_RTV_DIMENSION_TEXTURE2DMSARRAY' in switch of enum 'D3D11_RTV_DIMENSION' is not explicitly handled by a case label
C:\Program Files (x86)\Windows Kits\10\Include\10.0.20348.0\um\d3d11.h(1191): message : see declaration of 'D3D11_RTV_DIMENSION'
C:\Program Files (x86)\Windows Kits\10\Include\10.0.20348.0\um\d3d11.h(4274,1): warning C4061: enumerator 'D3D11_RTV_DIMENSION_TEXTURE3D' in switch of enum 'D3D11_RTV_DIMENSION' is not explicitly handled by a case label
C:\Program Files (x86)\Windows Kits\10\Include\10.0.20348.0\um\d3d11.h(1191): message : see declaration of 'D3D11_RTV_DIMENSION'
C:\Program Files (x86)\Windows Kits\10\Include\10.0.20348.0\um\d3d11.h(4303,1): warning C4061: enumerator 'D3D11_RTV_DIMENSION_UNKNOWN' in switch of enum 'D3D11_RTV_DIMENSION' is not explicitly handled by a case label
C:\Program Files (x86)\Windows Kits\10\Include\10.0.20348.0\um\d3d11.h(1191): message : see declaration of 'D3D11_RTV_DIMENSION'
C:\Program Files (x86)\Windows Kits\10\Include\10.0.20348.0\um\d3d11.h(4303,1): warning C4061: enumerator 'D3D11_RTV_DIMENSION_BUFFER' in switch of enum 'D3D11_RTV_DIMENSION' is not explicitly handled by a case label
C:\Program Files (x86)\Windows Kits\10\Include\10.0.20348.0\um\d3d11.h(1191): message : see declaration of 'D3D11_RTV_DIMENSION'
C:\Program Files (x86)\Windows Kits\10\Include\10.0.20348.0\um\d3d11.h(4303,1): warning C4061: enumerator 'D3D11_RTV_DIMENSION_TEXTURE2D' in switch of enum 'D3D11_RTV_DIMENSION' is not explicitly handled by a case label
C:\Program Files (x86)\Windows Kits\10\Include\10.0.20348.0\um\d3d11.h(1191): message : see declaration of 'D3D11_RTV_DIMENSION'
C:\Program Files (x86)\Windows Kits\10\Include\10.0.20348.0\um\d3d11.h(4303,1): warning C4061: enumerator 'D3D11_RTV_DIMENSION_TEXTURE2DARRAY' in switch of enum 'D3D11_RTV_DIMENSION' is not explicitly handled by a case label
C:\Program Files (x86)\Windows Kits\10\Include\10.0.20348.0\um\d3d11.h(1191): message : see declaration of 'D3D11_RTV_DIMENSION'
C:\Program Files (x86)\Windows Kits\10\Include\10.0.20348.0\um\d3d11.h(4303,1): warning C4061: enumerator 'D3D11_RTV_DIMENSION_TEXTURE2DMS' in switch of enum 'D3D11_RTV_DIMENSION' is not explicitly handled by a case label
C:\Program Files (x86)\Windows Kits\10\Include\10.0.20348.0\um\d3d11.h(1191): message : see declaration of 'D3D11_RTV_DIMENSION'
C:\Program Files (x86)\Windows Kits\10\Include\10.0.20348.0\um\d3d11.h(4303,1): warning C4061: enumerator 'D3D11_RTV_DIMENSION_TEXTURE2DMSARRAY' in switch of enum 'D3D11_RTV_DIMENSION' is not explicitly handled by a case label
C:\Program Files (x86)\Windows Kits\10\Include\10.0.20348.0\um\d3d11.h(1191): message : see declaration of 'D3D11_RTV_DIMENSION'
C:\Program Files (x86)\Windows Kits\10\Include\10.0.20348.0\um\d3d11.h(4303,1): warning C4061: enumerator 'D3D11_RTV_DIMENSION_TEXTURE3D' in switch of enum 'D3D11_RTV_DIMENSION' is not explicitly handled by a case label
C:\Program Files (x86)\Windows Kits\10\Include\10.0.20348.0\um\d3d11.h(1191): message : see declaration of 'D3D11_RTV_DIMENSION'
C:\Program Files (x86)\Windows Kits\10\Include\10.0.20348.0\um\d3d11.h(4337,1): warning C4061: enumerator 'D3D11_RTV_DIMENSION_UNKNOWN' in switch of enum 'D3D11_RTV_DIMENSION' is not explicitly handled by a case label
C:\Program Files (x86)\Windows Kits\10\Include\10.0.20348.0\um\d3d11.h(1191): message : see declaration of 'D3D11_RTV_DIMENSION'
C:\Program Files (x86)\Windows Kits\10\Include\10.0.20348.0\um\d3d11.h(4337,1): warning C4061: enumerator 'D3D11_RTV_DIMENSION_BUFFER' in switch of enum 'D3D11_RTV_DIMENSION' is not explicitly handled by a case label
C:\Program Files (x86)\Windows Kits\10\Include\10.0.20348.0\um\d3d11.h(1191): message : see declaration of 'D3D11_RTV_DIMENSION'
C:\Program Files (x86)\Windows Kits\10\Include\10.0.20348.0\um\d3d11.h(4337,1): warning C4061: enumerator 'D3D11_RTV_DIMENSION_TEXTURE1D' in switch of enum 'D3D11_RTV_DIMENSION' is not explicitly handled by a case label
C:\Program Files (x86)\Windows Kits\10\Include\10.0.20348.0\um\d3d11.h(1191): message : see declaration of 'D3D11_RTV_DIMENSION'
C:\Program Files (x86)\Windows Kits\10\Include\10.0.20348.0\um\d3d11.h(4337,1): warning C4061: enumerator 'D3D11_RTV_DIMENSION_TEXTURE1DARRAY' in switch of enum 'D3D11_RTV_DIMENSION' is not explicitly handled by a case label
C:\Program Files (x86)\Windows Kits\10\Include\10.0.20348.0\um\d3d11.h(1191): message : see declaration of 'D3D11_RTV_DIMENSION'
C:\Program Files (x86)\Windows Kits\10\Include\10.0.20348.0\um\d3d11.h(4337,1): warning C4061: enumerator 'D3D11_RTV_DIMENSION_TEXTURE3D' in switch of enum 'D3D11_RTV_DIMENSION' is not explicitly handled by a case label
C:\Program Files (x86)\Windows Kits\10\Include\10.0.20348.0\um\d3d11.h(1191): message : see declaration of 'D3D11_RTV_DIMENSION'
C:\Program Files (x86)\Windows Kits\10\Include\10.0.20348.0\um\d3d11.h(4366,1): warning C4061: enumerator 'D3D11_RTV_DIMENSION_UNKNOWN' in switch of enum 'D3D11_RTV_DIMENSION' is not explicitly handled by a case label
C:\Program Files (x86)\Windows Kits\10\Include\10.0.20348.0\um\d3d11.h(1191): message : see declaration of 'D3D11_RTV_DIMENSION'
C:\Program Files (x86)\Windows Kits\10\Include\10.0.20348.0\um\d3d11.h(4366,1): warning C4061: enumerator 'D3D11_RTV_DIMENSION_BUFFER' in switch of enum 'D3D11_RTV_DIMENSION' is not explicitly handled by a case label
C:\Program Files (x86)\Windows Kits\10\Include\10.0.20348.0\um\d3d11.h(1191): message : see declaration of 'D3D11_RTV_DIMENSION'
C:\Program Files (x86)\Windows Kits\10\Include\10.0.20348.0\um\d3d11.h(4366,1): warning C4061: enumerator 'D3D11_RTV_DIMENSION_TEXTURE1D' in switch of enum 'D3D11_RTV_DIMENSION' is not explicitly handled by a case label
C:\Program Files (x86)\Windows Kits\10\Include\10.0.20348.0\um\d3d11.h(1191): message : see declaration of 'D3D11_RTV_DIMENSION'
C:\Program Files (x86)\Windows Kits\10\Include\10.0.20348.0\um\d3d11.h(4366,1): warning C4061: enumerator 'D3D11_RTV_DIMENSION_TEXTURE1DARRAY' in switch of enum 'D3D11_RTV_DIMENSION' is not explicitly handled by a case label
C:\Program Files (x86)\Windows Kits\10\Include\10.0.20348.0\um\d3d11.h(1191): message : see declaration of 'D3D11_RTV_DIMENSION'
C:\Program Files (x86)\Windows Kits\10\Include\10.0.20348.0\um\d3d11.h(4366,1): warning C4061: enumerator 'D3D11_RTV_DIMENSION_TEXTURE2D' in switch of enum 'D3D11_RTV_DIMENSION' is not explicitly handled by a case label
C:\Program Files (x86)\Windows Kits\10\Include\10.0.20348.0\um\d3d11.h(1191): message : see declaration of 'D3D11_RTV_DIMENSION'
C:\Program Files (x86)\Windows Kits\10\Include\10.0.20348.0\um\d3d11.h(4366,1): warning C4061: enumerator 'D3D11_RTV_DIMENSION_TEXTURE2DARRAY' in switch of enum 'D3D11_RTV_DIMENSION' is not explicitly handled by a case label
C:\Program Files (x86)\Windows Kits\10\Include\10.0.20348.0\um\d3d11.h(1191): message : see declaration of 'D3D11_RTV_DIMENSION'
C:\Program Files (x86)\Windows Kits\10\Include\10.0.20348.0\um\d3d11.h(4366,1): warning C4061: enumerator 'D3D11_RTV_DIMENSION_TEXTURE2DMS' in switch of enum 'D3D11_RTV_DIMENSION' is not explicitly handled by a case label
C:\Program Files (x86)\Windows Kits\10\Include\10.0.20348.0\um\d3d11.h(1191): message : see declaration of 'D3D11_RTV_DIMENSION'
C:\Program Files (x86)\Windows Kits\10\Include\10.0.20348.0\um\d3d11.h(4366,1): warning C4061: enumerator 'D3D11_RTV_DIMENSION_TEXTURE2DMSARRAY' in switch of enum 'D3D11_RTV_DIMENSION' is not explicitly handled by a case label
C:\Program Files (x86)\Windows Kits\10\Include\10.0.20348.0\um\d3d11.h(1191): message : see declaration of 'D3D11_RTV_DIMENSION'
C:\Program Files (x86)\Windows Kits\10\Include\10.0.20348.0\um\d3d11.h(4482,1): warning C4061: enumerator 'D3D11_DSV_DIMENSION_UNKNOWN' in switch of enum 'D3D11_DSV_DIMENSION' is not explicitly handled by a case label
C:\Program Files (x86)\Windows Kits\10\Include\10.0.20348.0\um\d3d11.h(1179): message : see declaration of 'D3D11_DSV_DIMENSION'
C:\Program Files (x86)\Windows Kits\10\Include\10.0.20348.0\um\d3d11.h(4515,1): warning C4061: enumerator 'D3D11_DSV_DIMENSION_UNKNOWN' in switch of enum 'D3D11_DSV_DIMENSION' is not explicitly handled by a case label
C:\Program Files (x86)\Windows Kits\10\Include\10.0.20348.0\um\d3d11.h(1179): message : see declaration of 'D3D11_DSV_DIMENSION'
C:\Program Files (x86)\Windows Kits\10\Include\10.0.20348.0\um\d3d11.h(4515,1): warning C4061: enumerator 'D3D11_DSV_DIMENSION_TEXTURE2D' in switch of enum 'D3D11_DSV_DIMENSION' is not explicitly handled by a case label
C:\Program Files (x86)\Windows Kits\10\Include\10.0.20348.0\um\d3d11.h(1179): message : see declaration of 'D3D11_DSV_DIMENSION'
C:\Program Files (x86)\Windows Kits\10\Include\10.0.20348.0\um\d3d11.h(4515,1): warning C4061: enumerator 'D3D11_DSV_DIMENSION_TEXTURE2DARRAY' in switch of enum 'D3D11_DSV_DIMENSION' is not explicitly handled by a case label
C:\Program Files (x86)\Windows Kits\10\Include\10.0.20348.0\um\d3d11.h(1179): message : see declaration of 'D3D11_DSV_DIMENSION'
C:\Program Files (x86)\Windows Kits\10\Include\10.0.20348.0\um\d3d11.h(4515,1): warning C4061: enumerator 'D3D11_DSV_DIMENSION_TEXTURE2DMS' in switch of enum 'D3D11_DSV_DIMENSION' is not explicitly handled by a case label
C:\Program Files (x86)\Windows Kits\10\Include\10.0.20348.0\um\d3d11.h(1179): message : see declaration of 'D3D11_DSV_DIMENSION'
C:\Program Files (x86)\Windows Kits\10\Include\10.0.20348.0\um\d3d11.h(4515,1): warning C4061: enumerator 'D3D11_DSV_DIMENSION_TEXTURE2DMSARRAY' in switch of enum 'D3D11_DSV_DIMENSION' is not explicitly handled by a case label
C:\Program Files (x86)\Windows Kits\10\Include\10.0.20348.0\um\d3d11.h(1179): message : see declaration of 'D3D11_DSV_DIMENSION'
C:\Program Files (x86)\Windows Kits\10\Include\10.0.20348.0\um\d3d11.h(4556,1): warning C4061: enumerator 'D3D11_DSV_DIMENSION_UNKNOWN' in switch of enum 'D3D11_DSV_DIMENSION' is not explicitly handled by a case label
C:\Program Files (x86)\Windows Kits\10\Include\10.0.20348.0\um\d3d11.h(1179): message : see declaration of 'D3D11_DSV_DIMENSION'
C:\Program Files (x86)\Windows Kits\10\Include\10.0.20348.0\um\d3d11.h(4556,1): warning C4061: enumerator 'D3D11_DSV_DIMENSION_TEXTURE1D' in switch of enum 'D3D11_DSV_DIMENSION' is not explicitly handled by a case label
C:\Program Files (x86)\Windows Kits\10\Include\10.0.20348.0\um\d3d11.h(1179): message : see declaration of 'D3D11_DSV_DIMENSION'
C:\Program Files (x86)\Windows Kits\10\Include\10.0.20348.0\um\d3d11.h(4556,1): warning C4061: enumerator 'D3D11_DSV_DIMENSION_TEXTURE1DARRAY' in switch of enum 'D3D11_DSV_DIMENSION' is not explicitly handled by a case label
C:\Program Files (x86)\Windows Kits\10\Include\10.0.20348.0\um\d3d11.h(1179): message : see declaration of 'D3D11_DSV_DIMENSION'
C:\Program Files (x86)\Windows Kits\10\Include\10.0.20348.0\um\d3d11.h(4821,1): warning C4061: enumerator 'D3D11_UAV_DIMENSION_UNKNOWN' in switch of enum 'D3D11_UAV_DIMENSION' is not explicitly handled by a case label
C:\Program Files (x86)\Windows Kits\10\Include\10.0.20348.0\um\d3d11.h(1205): message : see declaration of 'D3D11_UAV_DIMENSION'
C:\Program Files (x86)\Windows Kits\10\Include\10.0.20348.0\um\d3d11.h(4865,1): warning C4061: enumerator 'D3D11_UAV_DIMENSION_UNKNOWN' in switch of enum 'D3D11_UAV_DIMENSION' is not explicitly handled by a case label
C:\Program Files (x86)\Windows Kits\10\Include\10.0.20348.0\um\d3d11.h(1205): message : see declaration of 'D3D11_UAV_DIMENSION'
C:\Program Files (x86)\Windows Kits\10\Include\10.0.20348.0\um\d3d11.h(4865,1): warning C4061: enumerator 'D3D11_UAV_DIMENSION_BUFFER' in switch of enum 'D3D11_UAV_DIMENSION' is not explicitly handled by a case label
C:\Program Files (x86)\Windows Kits\10\Include\10.0.20348.0\um\d3d11.h(1205): message : see declaration of 'D3D11_UAV_DIMENSION'
C:\Program Files (x86)\Windows Kits\10\Include\10.0.20348.0\um\d3d11.h(4865,1): warning C4061: enumerator 'D3D11_UAV_DIMENSION_TEXTURE2D' in switch of enum 'D3D11_UAV_DIMENSION' is not explicitly handled by a case label
C:\Program Files (x86)\Windows Kits\10\Include\10.0.20348.0\um\d3d11.h(1205): message : see declaration of 'D3D11_UAV_DIMENSION'
C:\Program Files (x86)\Windows Kits\10\Include\10.0.20348.0\um\d3d11.h(4865,1): warning C4061: enumerator 'D3D11_UAV_DIMENSION_TEXTURE2DARRAY' in switch of enum 'D3D11_UAV_DIMENSION' is not explicitly handled by a case label
C:\Program Files (x86)\Windows Kits\10\Include\10.0.20348.0\um\d3d11.h(1205): message : see declaration of 'D3D11_UAV_DIMENSION'
C:\Program Files (x86)\Windows Kits\10\Include\10.0.20348.0\um\d3d11.h(4865,1): warning C4061: enumerator 'D3D11_UAV_DIMENSION_TEXTURE3D' in switch of enum 'D3D11_UAV_DIMENSION' is not explicitly handled by a case label
C:\Program Files (x86)\Windows Kits\10\Include\10.0.20348.0\um\d3d11.h(1205): message : see declaration of 'D3D11_UAV_DIMENSION'
C:\Program Files (x86)\Windows Kits\10\Include\10.0.20348.0\um\d3d11.h(4896,1): warning C4061: enumerator 'D3D11_UAV_DIMENSION_UNKNOWN' in switch of enum 'D3D11_UAV_DIMENSION' is not explicitly handled by a case label
C:\Program Files (x86)\Windows Kits\10\Include\10.0.20348.0\um\d3d11.h(1205): message : see declaration of 'D3D11_UAV_DIMENSION'
C:\Program Files (x86)\Windows Kits\10\Include\10.0.20348.0\um\d3d11.h(4896,1): warning C4061: enumerator 'D3D11_UAV_DIMENSION_BUFFER' in switch of enum 'D3D11_UAV_DIMENSION' is not explicitly handled by a case label
C:\Program Files (x86)\Windows Kits\10\Include\10.0.20348.0\um\d3d11.h(1205): message : see declaration of 'D3D11_UAV_DIMENSION'
C:\Program Files (x86)\Windows Kits\10\Include\10.0.20348.0\um\d3d11.h(4896,1): warning C4061: enumerator 'D3D11_UAV_DIMENSION_TEXTURE1D' in switch of enum 'D3D11_UAV_DIMENSION' is not explicitly handled by a case label
C:\Program Files (x86)\Windows Kits\10\Include\10.0.20348.0\um\d3d11.h(1205): message : see declaration of 'D3D11_UAV_DIMENSION'
C:\Program Files (x86)\Windows Kits\10\Include\10.0.20348.0\um\d3d11.h(4896,1): warning C4061: enumerator 'D3D11_UAV_DIMENSION_TEXTURE1DARRAY' in switch of enum 'D3D11_UAV_DIMENSION' is not explicitly handled by a case label
C:\Program Files (x86)\Windows Kits\10\Include\10.0.20348.0\um\d3d11.h(1205): message : see declaration of 'D3D11_UAV_DIMENSION'
C:\Program Files (x86)\Windows Kits\10\Include\10.0.20348.0\um\d3d11.h(4896,1): warning C4061: enumerator 'D3D11_UAV_DIMENSION_TEXTURE3D' in switch of enum 'D3D11_UAV_DIMENSION' is not explicitly handled by a case label
C:\Program Files (x86)\Windows Kits\10\Include\10.0.20348.0\um\d3d11.h(1205): message : see declaration of 'D3D11_UAV_DIMENSION'
C:\Program Files (x86)\Windows Kits\10\Include\10.0.20348.0\um\d3d11.h(6781,5): warning C4820: 'D3D11_QUERY_DATA_TIMESTAMP_DISJOINT': '4' bytes padding added after data member 'D3D11_QUERY_DATA_TIMESTAMP_DISJOINT::Disjoint'
C:\Program Files (x86)\Windows Kits\10\Include\10.0.20348.0\um\d3d11.h(6849,5): warning C4820: 'D3D11_COUNTER_INFO': '3' bytes padding added after data member 'D3D11_COUNTER_INFO::NumDetectableParallelUnits'
C:\Program Files (x86)\Windows Kits\10\Include\10.0.20348.0\um\d3d11.h(10117,5): warning C4820: 'D3D11_VIDEO_DECODER_BUFFER_DESC': '4' bytes padding added after data member 'D3D11_VIDEO_DECODER_BUFFER_DESC::EncryptedBlockInfo'
C:\Program Files (x86)\Windows Kits\10\Include\10.0.20348.0\um\d3d11.h(10123,64): warning C4820: 'D3D11_VIDEO_DECODER_EXTENSION': '4' bytes padding added after data member 'D3D11_VIDEO_DECODER_EXTENSION::Function'
C:\Program Files (x86)\Windows Kits\10\Include\10.0.20348.0\um\d3d11.h(10126,66): warning C4820: 'D3D11_VIDEO_DECODER_EXTENSION': '4' bytes padding added after data member 'D3D11_VIDEO_DECODER_EXTENSION::PrivateInputDataSize'
C:\Program Files (x86)\Windows Kits\10\Include\10.0.20348.0\um\d3d11.h(10449,34): warning C4820: 'D3D11_VIDEO_CONTENT_PROTECTION_CAPS': '4' bytes padding added after data member 'D3D11_VIDEO_CONTENT_PROTECTION_CAPS::BlockAlignmentSize'
C:\Program Files (x86)\Windows Kits\10\Include\10.0.20348.0\um\d3d11.h(10833,77): warning C4820: 'D3D11_VIDEO_PROCESSOR_STREAM': '4' bytes padding added after data member 'D3D11_VIDEO_PROCESSOR_STREAM::FutureFrames'
C:\Program Files (x86)\Windows Kits\10\Include\10.0.20348.0\um\d3d11.h(11205,5): warning C4820: 'D3D11_AUTHENTICATED_QUERY_INPUT': '4' bytes padding added after data member 'D3D11_AUTHENTICATED_QUERY_INPUT::SequenceNumber'
C:\Program Files (x86)\Windows Kits\10\Include\10.0.20348.0\um\d3d11.h(11231,5): warning C4820: 'D3D11_AUTHENTICATED_QUERY_PROTECTION_OUTPUT': '4' bytes padding added after data member 'D3D11_AUTHENTICATED_QUERY_PROTECTION_OUTPUT::ProtectionFlags'
C:\Program Files (x86)\Windows Kits\10\Include\10.0.20348.0\um\d3d11.h(11237,5): warning C4820: 'D3D11_AUTHENTICATED_QUERY_CHANNEL_TYPE_OUTPUT': '4' bytes padding added after data member 'D3D11_AUTHENTICATED_QUERY_CHANNEL_TYPE_OUTPUT::ChannelType'
C:\Program Files (x86)\Windows Kits\10\Include\10.0.20348.0\um\d3d11.h(11263,5): warning C4820: 'D3D11_AUTHENTICATED_QUERY_RESTRICTED_SHARED_RESOURCE_PROCESS_COUNT_OUTPUT': '4' bytes padding added after data member 'D3D11_AUTHENTICATED_QUERY_RESTRICTED_SHARED_RESOURCE_PROCESS_COUNT_OUTPUT::RestrictedSharedResourceProcessCount'
C:\Program Files (x86)\Windows Kits\10\Include\10.0.20348.0\um\d3d11.h(11269,5): warning C4820: 'D3D11_AUTHENTICATED_QUERY_RESTRICTED_SHARED_RESOURCE_PROCESS_INPUT': '4' bytes padding added after data member 'D3D11_AUTHENTICATED_QUERY_RESTRICTED_SHARED_RESOURCE_PROCESS_INPUT::ProcessIndex'
C:\Program Files (x86)\Windows Kits\10\Include\10.0.20348.0\um\d3d11.h(11291,5): warning C4820: 'D3D11_AUTHENTICATED_QUERY_UNRESTRICTED_PROTECTED_SHARED_RESOURCE_COUNT_OUTPUT': '4' bytes padding added after data member 'D3D11_AUTHENTICATED_QUERY_UNRESTRICTED_PROTECTED_SHARED_RESOURCE_COUNT_OUTPUT::UnrestrictedProtectedSharedResourceCount'
C:\Program Files (x86)\Windows Kits\10\Include\10.0.20348.0\um\d3d11.h(11306,5): warning C4820: 'D3D11_AUTHENTICATED_QUERY_OUTPUT_ID_COUNT_OUTPUT': '4' bytes padding added after data member 'D3D11_AUTHENTICATED_QUERY_OUTPUT_ID_COUNT_OUTPUT::OutputIDCount'
C:\Program Files (x86)\Windows Kits\10\Include\10.0.20348.0\um\d3d11.h(11314,5): warning C4820: 'D3D11_AUTHENTICATED_QUERY_OUTPUT_ID_INPUT': '4' bytes padding added after data member 'D3D11_AUTHENTICATED_QUERY_OUTPUT_ID_INPUT::OutputIDIndex'
C:\Program Files (x86)\Windows Kits\10\Include\10.0.20348.0\um\d3d11.h(11322,20): warning C4820: 'D3D11_AUTHENTICATED_QUERY_OUTPUT_ID_OUTPUT': '4' bytes padding added after data member 'D3D11_AUTHENTICATED_QUERY_OUTPUT_ID_OUTPUT::OutputIDIndex'
C:\Program Files (x86)\Windows Kits\10\Include\10.0.20348.0\um\d3d11.h(11347,5): warning C4820: 'D3D11_AUTHENTICATED_QUERY_ACESSIBILITY_OUTPUT': '4' bytes padding added after data member 'D3D11_AUTHENTICATED_QUERY_ACESSIBILITY_OUTPUT::AccessibleInNonContiguousBlocks'
C:\Program Files (x86)\Windows Kits\10\Include\10.0.20348.0\um\d3d11.h(11353,5): warning C4820: 'D3D11_AUTHENTICATED_QUERY_ACCESSIBILITY_ENCRYPTION_GUID_COUNT_OUTPUT': '4' bytes padding added after data member 'D3D11_AUTHENTICATED_QUERY_ACCESSIBILITY_ENCRYPTION_GUID_COUNT_OUTPUT::EncryptionGuidCount'
C:\Program Files (x86)\Windows Kits\10\Include\10.0.20348.0\um\d3d11.h(11359,5): warning C4820: 'D3D11_AUTHENTICATED_QUERY_ACCESSIBILITY_ENCRYPTION_GUID_INPUT': '4' bytes padding added after data member 'D3D11_AUTHENTICATED_QUERY_ACCESSIBILITY_ENCRYPTION_GUID_INPUT::EncryptionGuidIndex'
C:\Program Files (x86)\Windows Kits\10\Include\10.0.20348.0\um\d3d11.h(11366,5): warning C4820: 'D3D11_AUTHENTICATED_QUERY_ACCESSIBILITY_ENCRYPTION_GUID_OUTPUT': '4' bytes padding added after data member 'D3D11_AUTHENTICATED_QUERY_ACCESSIBILITY_ENCRYPTION_GUID_OUTPUT::EncryptionGuid'
C:\Program Files (x86)\Windows Kits\10\Include\10.0.20348.0\um\d3d11.h(11380,5): warning C4820: 'D3D11_AUTHENTICATED_CONFIGURE_INPUT': '4' bytes padding added after data member 'D3D11_AUTHENTICATED_CONFIGURE_INPUT::SequenceNumber'
C:\Program Files (x86)\Windows Kits\10\Include\10.0.20348.0\um\d3d11.h(11402,5): warning C4820: 'D3D11_AUTHENTICATED_CONFIGURE_PROTECTION_INPUT': '4' bytes padding added after data member 'D3D11_AUTHENTICATED_CONFIGURE_PROTECTION_INPUT::Protections'
C:\Program Files (x86)\Windows Kits\10\Include\10.0.20348.0\um\d3d11.h(11416,25): warning C4820: 'D3D11_AUTHENTICATED_CONFIGURE_SHARED_RESOURCE_INPUT': '4' bytes padding added after data member 'D3D11_AUTHENTICATED_CONFIGURE_SHARED_RESOURCE_INPUT::ProcessType'
C:\Program Files (x86)\Windows Kits\10\Include\10.0.20348.0\um\d3d11.h(11418,5): warning C4820: 'D3D11_AUTHENTICATED_CONFIGURE_SHARED_RESOURCE_INPUT': '4' bytes padding added after data member 'D3D11_AUTHENTICATED_CONFIGURE_SHARED_RESOURCE_INPUT::AllowAccess'
C:\Program Files (x86)\Windows Kits\10\Include\10.0.20348.0\um\d3d11sdklayers.h(2149,66): warning C4820: 'D3D11_MESSAGE': '4' bytes padding added after data member 'D3D11_MESSAGE::ID'
C:\Program Files (x86)\Windows Kits\10\Include\10.0.20348.0\um\d3d11sdklayers.h(2157,71): warning C4820: 'D3D11_INFO_QUEUE_FILTER_DESC': '4' bytes padding added after data member 'D3D11_INFO_QUEUE_FILTER_DESC::NumCategories'
C:\Program Files (x86)\Windows Kits\10\Include\10.0.20348.0\um\d3d11sdklayers.h(2160,71): warning C4820: 'D3D11_INFO_QUEUE_FILTER_DESC': '4' bytes padding added after data member 'D3D11_INFO_QUEUE_FILTER_DESC::NumSeverities'
C:\Program Files (x86)\Windows Kits\10\Include\10.0.20348.0\um\d3d11sdklayers.h(2163,52): warning C4820: 'D3D11_INFO_QUEUE_FILTER_DESC': '4' bytes padding added after data member 'D3D11_INFO_QUEUE_FILTER_DESC::NumIDs'
C:\Program Files (x86)\Windows Kits\10\Include\10.0.20348.0\um\d3d10.h(689,5): warning C4820: 'D3D10_SO_DECLARATION_ENTRY': '1' bytes padding added after data member 'D3D10_SO_DECLARATION_ENTRY::OutputSlot'
C:\Program Files (x86)\Windows Kits\10\Include\10.0.20348.0\um\d3d10.h(1021,41): warning C4820: 'D3D10_DEPTH_STENCIL_DESC': '2' bytes padding added after data member 'D3D10_DEPTH_STENCIL_DESC::StencilWriteMask'
C:\Program Files (x86)\Windows Kits\10\Include\10.0.20348.0\um\d3d10.h(2219,5): warning C4820: 'D3D10_MAPPED_TEXTURE2D': '4' bytes padding added after data member 'D3D10_MAPPED_TEXTURE2D::RowPitch'
C:\Program Files (x86)\Windows Kits\10\Include\10.0.20348.0\um\d3d10.h(4796,5): warning C4820: 'D3D10_QUERY_DATA_TIMESTAMP_DISJOINT': '4' bytes padding added after data member 'D3D10_QUERY_DATA_TIMESTAMP_DISJOINT::Disjoint'
C:\Program Files (x86)\Windows Kits\10\Include\10.0.20348.0\um\d3d10.h(4860,5): warning C4820: 'D3D10_COUNTER_INFO': '3' bytes padding added after data member 'D3D10_COUNTER_INFO::NumDetectableParallelUnits'
C:\Program Files (x86)\Windows Kits\10\Include\10.0.20348.0\um\d3d10sdklayers.h(909,66): warning C4820: 'D3D10_MESSAGE': '4' bytes padding added after data member 'D3D10_MESSAGE::ID'
C:\Program Files (x86)\Windows Kits\10\Include\10.0.20348.0\um\d3d10sdklayers.h(917,71): warning C4820: 'D3D10_INFO_QUEUE_FILTER_DESC': '4' bytes padding added after data member 'D3D10_INFO_QUEUE_FILTER_DESC::NumCategories'
C:\Program Files (x86)\Windows Kits\10\Include\10.0.20348.0\um\d3d10sdklayers.h(920,71): warning C4820: 'D3D10_INFO_QUEUE_FILTER_DESC': '4' bytes padding added after data member 'D3D10_INFO_QUEUE_FILTER_DESC::NumSeverities'
C:\Program Files (x86)\Windows Kits\10\Include\10.0.20348.0\um\d3d10sdklayers.h(923,52): warning C4820: 'D3D10_INFO_QUEUE_FILTER_DESC': '4' bytes padding added after data member 'D3D10_INFO_QUEUE_FILTER_DESC::NumIDs'
C:\Program Files (x86)\Windows Kits\10\Include\10.0.20348.0\um\d3d10shader.h(180,36): warning C4820: '_D3D10_SHADER_DESC': '4' bytes padding added after data member '_D3D10_SHADER_DESC::Version'
C:\Program Files (x86)\Windows Kits\10\Include\10.0.20348.0\um\d3d10shader.h(226,41): warning C4820: '_D3D10_SHADER_VARIABLE_DESC': '4' bytes padding added after data member '_D3D10_SHADER_VARIABLE_DESC::uFlags'
C:\Program Files (x86)\Windows Kits\10\Include\10.0.20348.0\um\d3d10shader.h(251,1): warning C4820: '_D3D10_SHADER_INPUT_BIND_DESC': '4' bytes padding added after data member '_D3D10_SHADER_INPUT_BIND_DESC::NumSamples'
C:\Program Files (x86)\Windows Kits\10\Include\10.0.20348.0\um\d3d10shader.h(267,1): warning C4820: '_D3D10_SIGNATURE_PARAMETER_DESC': '6' bytes padding added after data member '_D3D10_SIGNATURE_PARAMETER_DESC::ReadWriteMask'
C:\Program Files (x86)\Windows Kits\10\Include\10.0.20348.0\um\d3d10effect.h(294,1): warning C4820: '_D3D10_EFFECT_TYPE_DESC': '4' bytes padding added after data member '_D3D10_EFFECT_TYPE_DESC::Stride'
C:\Program Files (x86)\Windows Kits\10\Include\10.0.20348.0\um\d3d10effect.h(893,26): warning C4820: '_D3D10_EFFECT_SHADER_DESC': '4' bytes padding added after data member '_D3D10_EFFECT_SHADER_DESC::IsInline'
C:\Program Files (x86)\Windows Kits\10\Include\10.0.20348.0\um\d3d10effect.h(896,18): warning C4820: '_D3D10_EFFECT_SHADER_DESC': '4' bytes padding added after data member '_D3D10_EFFECT_SHADER_DESC::BytecodeLength'
C:\Program Files (x86)\Windows Kits\10\Include\10.0.20348.0\um\d3d10effect.h(1175,28): warning C4820: '_D3D10_PASS_DESC': '4' bytes padding added after data member '_D3D10_PASS_DESC::Annotations'
C:\Program Files (x86)\Windows Kits\10\Include\10.0.20348.0\um\d3d10effect.h(1205,1): warning C4820: '_D3D10_PASS_SHADER_DESC': '4' bytes padding added after data member '_D3D10_PASS_SHADER_DESC::ShaderIndex'
C:\Program Files (x86)\Windows Kits\10\Include\10.0.20348.0\um\d3d10_1.h(160,5): warning C4820: 'D3D10_RENDER_TARGET_BLEND_DESC1': '3' bytes padding added after data member 'D3D10_RENDER_TARGET_BLEND_DESC1::RenderTargetWriteMask'
C:\Program Files (x86)\Windows Kits\10\Include\10.0.20348.0\um\d3d11_1.h(179,5): warning C4820: 'D3D11_RENDER_TARGET_BLEND_DESC1': '3' bytes padding added after data member 'D3D11_RENDER_TARGET_BLEND_DESC1::RenderTargetWriteMask'
C:\Program Files (x86)\Windows Kits\10\Include\10.0.20348.0\um\d3d11_1.h(2708,40): warning C4820: 'D3D11_VIDEO_DECODER_BUFFER_DESC1': '4' bytes padding added after data member 'D3D11_VIDEO_DECODER_BUFFER_DESC1::DataSize'
C:\Program Files (x86)\Windows Kits\10\Include\10.0.20348.0\um\d3d11_1.h(2711,114): warning C4820: 'D3D11_VIDEO_DECODER_BUFFER_DESC1': '4' bytes padding added after data member 'D3D11_VIDEO_DECODER_BUFFER_DESC1::IVSize'
C:\Program Files (x86)\Windows Kits\10\Include\10.0.20348.0\um\d3d11_1.h(2713,5): warning C4820: 'D3D11_VIDEO_DECODER_BUFFER_DESC1': '4' bytes padding added after data member 'D3D11_VIDEO_DECODER_BUFFER_DESC1::SubSampleMappingCount'
C:\Program Files (x86)\Windows Kits\10\Include\10.0.20348.0\um\d3d11_1.h(2720,44): warning C4820: 'D3D11_VIDEO_DECODER_BEGIN_FRAME_CRYPTO_SESSION': '4' bytes padding added after data member 'D3D11_VIDEO_DECODER_BEGIN_FRAME_CRYPTO_SESSION::BlobSize'
C:\Program Files (x86)\Windows Kits\10\Include\10.0.20348.0\um\d3d11_1.h(2724,58): warning C4820: 'D3D11_VIDEO_DECODER_BEGIN_FRAME_CRYPTO_SESSION': '4' bytes padding added after data member 'D3D11_VIDEO_DECODER_BEGIN_FRAME_CRYPTO_SESSION::PrivateDataSize'
C:\Program Files (x86)\Windows Kits\10\Include\10.0.20348.0\um\d3d11_1.h(2774,25): warning C4820: 'D3D11_KEY_EXCHANGE_HW_PROTECTION_OUTPUT_DATA': '4' bytes padding added after data member 'D3D11_KEY_EXCHANGE_HW_PROTECTION_OUTPUT_DATA::HWProtectionDataSize'
C:\Program Files (x86)\Windows Kits\10\Include\10.0.20348.0\um\d3d11_1.h(2777,5): warning C4820: 'D3D11_KEY_EXCHANGE_HW_PROTECTION_OUTPUT_DATA': '4' bytes padding added after data member 'D3D11_KEY_EXCHANGE_HW_PROTECTION_OUTPUT_DATA::pbOutput'
C:\Program Files (x86)\Windows Kits\10\Include\10.0.20348.0\um\d3d11_1.h(2782,60): warning C4820: 'D3D11_KEY_EXCHANGE_HW_PROTECTION_DATA': '4' bytes padding added after data member 'D3D11_KEY_EXCHANGE_HW_PROTECTION_DATA::HWProtectionFunctionID'
C:\Program Files (x86)\Windows Kits\10\Include\10.0.20348.0\um\d3d11_1.h(2785,5): warning C4820: 'D3D11_KEY_EXCHANGE_HW_PROTECTION_DATA': '4' bytes padding added after data member 'D3D11_KEY_EXCHANGE_HW_PROTECTION_DATA::Status'
C:\Program Files (x86)\Windows Kits\10\Include\10.0.20348.0\um\d3d11_2.h(143,31): warning C4820: 'D3D11_PACKED_MIP_DESC': '2' bytes padding added after data member 'D3D11_PACKED_MIP_DESC::NumPackedMips'
C:\Program Files (x86)\Windows Kits\10\Include\10.0.20348.0\um\d3d11_3.h(1018,1): warning C4061: enumerator 'D3D_SRV_DIMENSION_UNKNOWN' in switch of enum 'D3D_SRV_DIMENSION' is not explicitly handled by a case label
C:\Program Files (x86)\Windows Kits\10\Include\10.0.20348.0\um\d3dcommon.h(305): message : see declaration of 'D3D_SRV_DIMENSION'
C:\Program Files (x86)\Windows Kits\10\Include\10.0.20348.0\um\d3d11_3.h(1018,1): warning C4061: enumerator 'D3D10_SRV_DIMENSION_UNKNOWN' in switch of enum 'D3D_SRV_DIMENSION' is not explicitly handled by a case label
C:\Program Files (x86)\Windows Kits\10\Include\10.0.20348.0\um\d3dcommon.h(305): message : see declaration of 'D3D_SRV_DIMENSION'
C:\Program Files (x86)\Windows Kits\10\Include\10.0.20348.0\um\d3d11_3.h(1018,1): warning C4061: enumerator 'D3D10_1_SRV_DIMENSION_UNKNOWN' in switch of enum 'D3D_SRV_DIMENSION' is not explicitly handled by a case label
C:\Program Files (x86)\Windows Kits\10\Include\10.0.20348.0\um\d3dcommon.h(305): message : see declaration of 'D3D_SRV_DIMENSION'
C:\Program Files (x86)\Windows Kits\10\Include\10.0.20348.0\um\d3d11_3.h(1018,1): warning C4061: enumerator 'D3D11_SRV_DIMENSION_UNKNOWN' in switch of enum 'D3D_SRV_DIMENSION' is not explicitly handled by a case label
C:\Program Files (x86)\Windows Kits\10\Include\10.0.20348.0\um\d3dcommon.h(305): message : see declaration of 'D3D_SRV_DIMENSION'
C:\Program Files (x86)\Windows Kits\10\Include\10.0.20348.0\um\d3d11_3.h(1066,1): warning C4061: enumerator 'D3D_SRV_DIMENSION_UNKNOWN' in switch of enum 'D3D_SRV_DIMENSION' is not explicitly handled by a case label
C:\Program Files (x86)\Windows Kits\10\Include\10.0.20348.0\um\d3dcommon.h(305): message : see declaration of 'D3D_SRV_DIMENSION'
C:\Program Files (x86)\Windows Kits\10\Include\10.0.20348.0\um\d3d11_3.h(1066,1): warning C4061: enumerator 'D3D_SRV_DIMENSION_BUFFER' in switch of enum 'D3D_SRV_DIMENSION' is not explicitly handled by a case label
C:\Program Files (x86)\Windows Kits\10\Include\10.0.20348.0\um\d3dcommon.h(305): message : see declaration of 'D3D_SRV_DIMENSION'
C:\Program Files (x86)\Windows Kits\10\Include\10.0.20348.0\um\d3d11_3.h(1066,1): warning C4061: enumerator 'D3D_SRV_DIMENSION_TEXTURE2D' in switch of enum 'D3D_SRV_DIMENSION' is not explicitly handled by a case label
C:\Program Files (x86)\Windows Kits\10\Include\10.0.20348.0\um\d3dcommon.h(305): message : see declaration of 'D3D_SRV_DIMENSION'
C:\Program Files (x86)\Windows Kits\10\Include\10.0.20348.0\um\d3d11_3.h(1066,1): warning C4061: enumerator 'D3D_SRV_DIMENSION_TEXTURE2DARRAY' in switch of enum 'D3D_SRV_DIMENSION' is not explicitly handled by a case label
C:\Program Files (x86)\Windows Kits\10\Include\10.0.20348.0\um\d3dcommon.h(305): message : see declaration of 'D3D_SRV_DIMENSION'
C:\Program Files (x86)\Windows Kits\10\Include\10.0.20348.0\um\d3d11_3.h(1066,1): warning C4061: enumerator 'D3D_SRV_DIMENSION_TEXTURE2DMS' in switch of enum 'D3D_SRV_DIMENSION' is not explicitly handled by a case label
C:\Program Files (x86)\Windows Kits\10\Include\10.0.20348.0\um\d3dcommon.h(305): message : see declaration of 'D3D_SRV_DIMENSION'
C:\Program Files (x86)\Windows Kits\10\Include\10.0.20348.0\um\d3d11_3.h(1066,1): warning C4061: enumerator 'D3D_SRV_DIMENSION_TEXTURE2DMSARRAY' in switch of enum 'D3D_SRV_DIMENSION' is not explicitly handled by a case label
C:\Program Files (x86)\Windows Kits\10\Include\10.0.20348.0\um\d3dcommon.h(305): message : see declaration of 'D3D_SRV_DIMENSION'
C:\Program Files (x86)\Windows Kits\10\Include\10.0.20348.0\um\d3d11_3.h(1066,1): warning C4061: enumerator 'D3D_SRV_DIMENSION_TEXTURE3D' in switch of enum 'D3D_SRV_DIMENSION' is not explicitly handled by a case label
C:\Program Files (x86)\Windows Kits\10\Include\10.0.20348.0\um\d3dcommon.h(305): message : see declaration of 'D3D_SRV_DIMENSION'
C:\Program Files (x86)\Windows Kits\10\Include\10.0.20348.0\um\d3d11_3.h(1066,1): warning C4061: enumerator 'D3D_SRV_DIMENSION_TEXTURECUBE' in switch of enum 'D3D_SRV_DIMENSION' is not explicitly handled by a case label
C:\Program Files (x86)\Windows Kits\10\Include\10.0.20348.0\um\d3dcommon.h(305): message : see declaration of 'D3D_SRV_DIMENSION'
C:\Program Files (x86)\Windows Kits\10\Include\10.0.20348.0\um\d3d11_3.h(1066,1): warning C4061: enumerator 'D3D_SRV_DIMENSION_TEXTURECUBEARRAY' in switch of enum 'D3D_SRV_DIMENSION' is not explicitly handled by a case label
C:\Program Files (x86)\Windows Kits\10\Include\10.0.20348.0\um\d3dcommon.h(305): message : see declaration of 'D3D_SRV_DIMENSION'
C:\Program Files (x86)\Windows Kits\10\Include\10.0.20348.0\um\d3d11_3.h(1066,1): warning C4061: enumerator 'D3D_SRV_DIMENSION_BUFFEREX' in switch of enum 'D3D_SRV_DIMENSION' is not explicitly handled by a case label
C:\Program Files (x86)\Windows Kits\10\Include\10.0.20348.0\um\d3dcommon.h(305): message : see declaration of 'D3D_SRV_DIMENSION'
C:\Program Files (x86)\Windows Kits\10\Include\10.0.20348.0\um\d3d11_3.h(1066,1): warning C4061: enumerator 'D3D10_SRV_DIMENSION_UNKNOWN' in switch of enum 'D3D_SRV_DIMENSION' is not explicitly handled by a case label
C:\Program Files (x86)\Windows Kits\10\Include\10.0.20348.0\um\d3dcommon.h(305): message : see declaration of 'D3D_SRV_DIMENSION'
C:\Program Files (x86)\Windows Kits\10\Include\10.0.20348.0\um\d3d11_3.h(1066,1): warning C4061: enumerator 'D3D10_SRV_DIMENSION_BUFFER' in switch of enum 'D3D_SRV_DIMENSION' is not explicitly handled by a case label
C:\Program Files (x86)\Windows Kits\10\Include\10.0.20348.0\um\d3dcommon.h(305): message : see declaration of 'D3D_SRV_DIMENSION'
C:\Program Files (x86)\Windows Kits\10\Include\10.0.20348.0\um\d3d11_3.h(1066,1): warning C4061: enumerator 'D3D10_SRV_DIMENSION_TEXTURE2D' in switch of enum 'D3D_SRV_DIMENSION' is not explicitly handled by a case label
C:\Program Files (x86)\Windows Kits\10\Include\10.0.20348.0\um\d3dcommon.h(305): message : see declaration of 'D3D_SRV_DIMENSION'
C:\Program Files (x86)\Windows Kits\10\Include\10.0.20348.0\um\d3d11_3.h(1066,1): warning C4061: enumerator 'D3D10_SRV_DIMENSION_TEXTURE2DARRAY' in switch of enum 'D3D_SRV_DIMENSION' is not explicitly handled by a case label
C:\Program Files (x86)\Windows Kits\10\Include\10.0.20348.0\um\d3dcommon.h(305): message : see declaration of 'D3D_SRV_DIMENSION'
C:\Program Files (x86)\Windows Kits\10\Include\10.0.20348.0\um\d3d11_3.h(1066,1): warning C4061: enumerator 'D3D10_SRV_DIMENSION_TEXTURE2DMS' in switch of enum 'D3D_SRV_DIMENSION' is not explicitly handled by a case label
C:\Program Files (x86)\Windows Kits\10\Include\10.0.20348.0\um\d3dcommon.h(305): message : see declaration of 'D3D_SRV_DIMENSION'
C:\Program Files (x86)\Windows Kits\10\Include\10.0.20348.0\um\d3d11_3.h(1066,1): warning C4061: enumerator 'D3D10_SRV_DIMENSION_TEXTURE2DMSARRAY' in switch of enum 'D3D_SRV_DIMENSION' is not explicitly handled by a case label
C:\Program Files (x86)\Windows Kits\10\Include\10.0.20348.0\um\d3dcommon.h(305): message : see declaration of 'D3D_SRV_DIMENSION'
C:\Program Files (x86)\Windows Kits\10\Include\10.0.20348.0\um\d3d11_3.h(1066,1): warning C4061: enumerator 'D3D10_SRV_DIMENSION_TEXTURE3D' in switch of enum 'D3D_SRV_DIMENSION' is not explicitly handled by a case label
C:\Program Files (x86)\Windows Kits\10\Include\10.0.20348.0\um\d3dcommon.h(305): message : see declaration of 'D3D_SRV_DIMENSION'
C:\Program Files (x86)\Windows Kits\10\Include\10.0.20348.0\um\d3d11_3.h(1066,1): warning C4061: enumerator 'D3D10_SRV_DIMENSION_TEXTURECUBE' in switch of enum 'D3D_SRV_DIMENSION' is not explicitly handled by a case label
C:\Program Files (x86)\Windows Kits\10\Include\10.0.20348.0\um\d3dcommon.h(305): message : see declaration of 'D3D_SRV_DIMENSION'
C:\Program Files (x86)\Windows Kits\10\Include\10.0.20348.0\um\d3d11_3.h(1066,1): warning C4061: enumerator 'D3D10_1_SRV_DIMENSION_UNKNOWN' in switch of enum 'D3D_SRV_DIMENSION' is not explicitly handled by a case label
C:\Program Files (x86)\Windows Kits\10\Include\10.0.20348.0\um\d3dcommon.h(305): message : see declaration of 'D3D_SRV_DIMENSION'
C:\Program Files (x86)\Windows Kits\10\Include\10.0.20348.0\um\d3d11_3.h(1066,1): warning C4061: enumerator 'D3D10_1_SRV_DIMENSION_BUFFER' in switch of enum 'D3D_SRV_DIMENSION' is not explicitly handled by a case label
C:\Program Files (x86)\Windows Kits\10\Include\10.0.20348.0\um\d3dcommon.h(305): message : see declaration of 'D3D_SRV_DIMENSION'
C:\Program Files (x86)\Windows Kits\10\Include\10.0.20348.0\um\d3d11_3.h(1066,1): warning C4061: enumerator 'D3D10_1_SRV_DIMENSION_TEXTURE2D' in switch of enum 'D3D_SRV_DIMENSION' is not explicitly handled by a case label
C:\Program Files (x86)\Windows Kits\10\Include\10.0.20348.0\um\d3dcommon.h(305): message : see declaration of 'D3D_SRV_DIMENSION'
C:\Program Files (x86)\Windows Kits\10\Include\10.0.20348.0\um\d3d11_3.h(1066,1): warning C4061: enumerator 'D3D10_1_SRV_DIMENSION_TEXTURE2DARRAY' in switch of enum 'D3D_SRV_DIMENSION' is not explicitly handled by a case label
C:\Program Files (x86)\Windows Kits\10\Include\10.0.20348.0\um\d3dcommon.h(305): message : see declaration of 'D3D_SRV_DIMENSION'
C:\Program Files (x86)\Windows Kits\10\Include\10.0.20348.0\um\d3d11_3.h(1066,1): warning C4061: enumerator 'D3D10_1_SRV_DIMENSION_TEXTURE2DMS' in switch of enum 'D3D_SRV_DIMENSION' is not explicitly handled by a case label
C:\Program Files (x86)\Windows Kits\10\Include\10.0.20348.0\um\d3dcommon.h(305): message : see declaration of 'D3D_SRV_DIMENSION'
C:\Program Files (x86)\Windows Kits\10\Include\10.0.20348.0\um\d3d11_3.h(1066,1): warning C4061: enumerator 'D3D10_1_SRV_DIMENSION_TEXTURE2DMSARRAY' in switch of enum 'D3D_SRV_DIMENSION' is not explicitly handled by a case label
C:\Program Files (x86)\Windows Kits\10\Include\10.0.20348.0\um\d3dcommon.h(305): message : see declaration of 'D3D_SRV_DIMENSION'
C:\Program Files (x86)\Windows Kits\10\Include\10.0.20348.0\um\d3d11_3.h(1066,1): warning C4061: enumerator 'D3D10_1_SRV_DIMENSION_TEXTURE3D' in switch of enum 'D3D_SRV_DIMENSION' is not explicitly handled by a case label
C:\Program Files (x86)\Windows Kits\10\Include\10.0.20348.0\um\d3dcommon.h(305): message : see declaration of 'D3D_SRV_DIMENSION'
C:\Program Files (x86)\Windows Kits\10\Include\10.0.20348.0\um\d3d11_3.h(1066,1): warning C4061: enumerator 'D3D10_1_SRV_DIMENSION_TEXTURECUBE' in switch of enum 'D3D_SRV_DIMENSION' is not explicitly handled by a case label
C:\Program Files (x86)\Windows Kits\10\Include\10.0.20348.0\um\d3dcommon.h(305): message : see declaration of 'D3D_SRV_DIMENSION'
C:\Program Files (x86)\Windows Kits\10\Include\10.0.20348.0\um\d3d11_3.h(1066,1): warning C4061: enumerator 'D3D10_1_SRV_DIMENSION_TEXTURECUBEARRAY' in switch of enum 'D3D_SRV_DIMENSION' is not explicitly handled by a case label
C:\Program Files (x86)\Windows Kits\10\Include\10.0.20348.0\um\d3dcommon.h(305): message : see declaration of 'D3D_SRV_DIMENSION'
C:\Program Files (x86)\Windows Kits\10\Include\10.0.20348.0\um\d3d11_3.h(1066,1): warning C4061: enumerator 'D3D11_SRV_DIMENSION_UNKNOWN' in switch of enum 'D3D_SRV_DIMENSION' is not explicitly handled by a case label
C:\Program Files (x86)\Windows Kits\10\Include\10.0.20348.0\um\d3dcommon.h(305): message : see declaration of 'D3D_SRV_DIMENSION'
C:\Program Files (x86)\Windows Kits\10\Include\10.0.20348.0\um\d3d11_3.h(1066,1): warning C4061: enumerator 'D3D11_SRV_DIMENSION_BUFFER' in switch of enum 'D3D_SRV_DIMENSION' is not explicitly handled by a case label
C:\Program Files (x86)\Windows Kits\10\Include\10.0.20348.0\um\d3dcommon.h(305): message : see declaration of 'D3D_SRV_DIMENSION'
C:\Program Files (x86)\Windows Kits\10\Include\10.0.20348.0\um\d3d11_3.h(1066,1): warning C4061: enumerator 'D3D11_SRV_DIMENSION_TEXTURE2D' in switch of enum 'D3D_SRV_DIMENSION' is not explicitly handled by a case label
C:\Program Files (x86)\Windows Kits\10\Include\10.0.20348.0\um\d3dcommon.h(305): message : see declaration of 'D3D_SRV_DIMENSION'
C:\Program Files (x86)\Windows Kits\10\Include\10.0.20348.0\um\d3d11_3.h(1066,1): warning C4061: enumerator 'D3D11_SRV_DIMENSION_TEXTURE2DARRAY' in switch of enum 'D3D_SRV_DIMENSION' is not explicitly handled by a case label
C:\Program Files (x86)\Windows Kits\10\Include\10.0.20348.0\um\d3dcommon.h(305): message : see declaration of 'D3D_SRV_DIMENSION'
C:\Program Files (x86)\Windows Kits\10\Include\10.0.20348.0\um\d3d11_3.h(1066,1): warning C4061: enumerator 'D3D11_SRV_DIMENSION_TEXTURE2DMS' in switch of enum 'D3D_SRV_DIMENSION' is not explicitly handled by a case label
C:\Program Files (x86)\Windows Kits\10\Include\10.0.20348.0\um\d3dcommon.h(305): message : see declaration of 'D3D_SRV_DIMENSION'
C:\Program Files (x86)\Windows Kits\10\Include\10.0.20348.0\um\d3d11_3.h(1066,1): warning C4061: enumerator 'D3D11_SRV_DIMENSION_TEXTURE2DMSARRAY' in switch of enum 'D3D_SRV_DIMENSION' is not explicitly handled by a case label
C:\Program Files (x86)\Windows Kits\10\Include\10.0.20348.0\um\d3dcommon.h(305): message : see declaration of 'D3D_SRV_DIMENSION'
C:\Program Files (x86)\Windows Kits\10\Include\10.0.20348.0\um\d3d11_3.h(1066,1): warning C4061: enumerator 'D3D11_SRV_DIMENSION_TEXTURE3D' in switch of enum 'D3D_SRV_DIMENSION' is not explicitly handled by a case label
C:\Program Files (x86)\Windows Kits\10\Include\10.0.20348.0\um\d3dcommon.h(305): message : see declaration of 'D3D_SRV_DIMENSION'
C:\Program Files (x86)\Windows Kits\10\Include\10.0.20348.0\um\d3d11_3.h(1066,1): warning C4061: enumerator 'D3D11_SRV_DIMENSION_TEXTURECUBE' in switch of enum 'D3D_SRV_DIMENSION' is not explicitly handled by a case label
C:\Program Files (x86)\Windows Kits\10\Include\10.0.20348.0\um\d3dcommon.h(305): message : see declaration of 'D3D_SRV_DIMENSION'
C:\Program Files (x86)\Windows Kits\10\Include\10.0.20348.0\um\d3d11_3.h(1066,1): warning C4061: enumerator 'D3D11_SRV_DIMENSION_TEXTURECUBEARRAY' in switch of enum 'D3D_SRV_DIMENSION' is not explicitly handled by a case label
C:\Program Files (x86)\Windows Kits\10\Include\10.0.20348.0\um\d3dcommon.h(305): message : see declaration of 'D3D_SRV_DIMENSION'
C:\Program Files (x86)\Windows Kits\10\Include\10.0.20348.0\um\d3d11_3.h(1066,1): warning C4061: enumerator 'D3D11_SRV_DIMENSION_BUFFEREX' in switch of enum 'D3D_SRV_DIMENSION' is not explicitly handled by a case label
C:\Program Files (x86)\Windows Kits\10\Include\10.0.20348.0\um\d3dcommon.h(305): message : see declaration of 'D3D_SRV_DIMENSION'
C:\Program Files (x86)\Windows Kits\10\Include\10.0.20348.0\um\d3d11_3.h(1130,1): warning C4061: enumerator 'D3D_SRV_DIMENSION_UNKNOWN' in switch of enum 'D3D_SRV_DIMENSION' is not explicitly handled by a case label
C:\Program Files (x86)\Windows Kits\10\Include\10.0.20348.0\um\d3dcommon.h(305): message : see declaration of 'D3D_SRV_DIMENSION'
C:\Program Files (x86)\Windows Kits\10\Include\10.0.20348.0\um\d3d11_3.h(1130,1): warning C4061: enumerator 'D3D_SRV_DIMENSION_BUFFER' in switch of enum 'D3D_SRV_DIMENSION' is not explicitly handled by a case label
C:\Program Files (x86)\Windows Kits\10\Include\10.0.20348.0\um\d3dcommon.h(305): message : see declaration of 'D3D_SRV_DIMENSION'
C:\Program Files (x86)\Windows Kits\10\Include\10.0.20348.0\um\d3d11_3.h(1130,1): warning C4061: enumerator 'D3D_SRV_DIMENSION_TEXTURE1D' in switch of enum 'D3D_SRV_DIMENSION' is not explicitly handled by a case label
C:\Program Files (x86)\Windows Kits\10\Include\10.0.20348.0\um\d3dcommon.h(305): message : see declaration of 'D3D_SRV_DIMENSION'
C:\Program Files (x86)\Windows Kits\10\Include\10.0.20348.0\um\d3d11_3.h(1130,1): warning C4061: enumerator 'D3D_SRV_DIMENSION_TEXTURE1DARRAY' in switch of enum 'D3D_SRV_DIMENSION' is not explicitly handled by a case label
C:\Program Files (x86)\Windows Kits\10\Include\10.0.20348.0\um\d3dcommon.h(305): message : see declaration of 'D3D_SRV_DIMENSION'
C:\Program Files (x86)\Windows Kits\10\Include\10.0.20348.0\um\d3d11_3.h(1130,1): warning C4061: enumerator 'D3D_SRV_DIMENSION_TEXTURE3D' in switch of enum 'D3D_SRV_DIMENSION' is not explicitly handled by a case label
C:\Program Files (x86)\Windows Kits\10\Include\10.0.20348.0\um\d3dcommon.h(305): message : see declaration of 'D3D_SRV_DIMENSION'
C:\Program Files (x86)\Windows Kits\10\Include\10.0.20348.0\um\d3d11_3.h(1130,1): warning C4061: enumerator 'D3D_SRV_DIMENSION_BUFFEREX' in switch of enum 'D3D_SRV_DIMENSION' is not explicitly handled by a case label
C:\Program Files (x86)\Windows Kits\10\Include\10.0.20348.0\um\d3dcommon.h(305): message : see declaration of 'D3D_SRV_DIMENSION'
C:\Program Files (x86)\Windows Kits\10\Include\10.0.20348.0\um\d3d11_3.h(1130,1): warning C4061: enumerator 'D3D10_SRV_DIMENSION_UNKNOWN' in switch of enum 'D3D_SRV_DIMENSION' is not explicitly handled by a case label
C:\Program Files (x86)\Windows Kits\10\Include\10.0.20348.0\um\d3dcommon.h(305): message : see declaration of 'D3D_SRV_DIMENSION'
C:\Program Files (x86)\Windows Kits\10\Include\10.0.20348.0\um\d3d11_3.h(1130,1): warning C4061: enumerator 'D3D10_SRV_DIMENSION_BUFFER' in switch of enum 'D3D_SRV_DIMENSION' is not explicitly handled by a case label
C:\Program Files (x86)\Windows Kits\10\Include\10.0.20348.0\um\d3dcommon.h(305): message : see declaration of 'D3D_SRV_DIMENSION'
C:\Program Files (x86)\Windows Kits\10\Include\10.0.20348.0\um\d3d11_3.h(1130,1): warning C4061: enumerator 'D3D10_SRV_DIMENSION_TEXTURE1D' in switch of enum 'D3D_SRV_DIMENSION' is not explicitly handled by a case label
C:\Program Files (x86)\Windows Kits\10\Include\10.0.20348.0\um\d3dcommon.h(305): message : see declaration of 'D3D_SRV_DIMENSION'
C:\Program Files (x86)\Windows Kits\10\Include\10.0.20348.0\um\d3d11_3.h(1130,1): warning C4061: enumerator 'D3D10_SRV_DIMENSION_TEXTURE1DARRAY' in switch of enum 'D3D_SRV_DIMENSION' is not explicitly handled by a case label
C:\Program Files (x86)\Windows Kits\10\Include\10.0.20348.0\um\d3dcommon.h(305): message : see declaration of 'D3D_SRV_DIMENSION'
C:\Program Files (x86)\Windows Kits\10\Include\10.0.20348.0\um\d3d11_3.h(1130,1): warning C4061: enumerator 'D3D10_SRV_DIMENSION_TEXTURE3D' in switch of enum 'D3D_SRV_DIMENSION' is not explicitly handled by a case label
C:\Program Files (x86)\Windows Kits\10\Include\10.0.20348.0\um\d3dcommon.h(305): message : see declaration of 'D3D_SRV_DIMENSION'
C:\Program Files (x86)\Windows Kits\10\Include\10.0.20348.0\um\d3d11_3.h(1130,1): warning C4061: enumerator 'D3D10_1_SRV_DIMENSION_UNKNOWN' in switch of enum 'D3D_SRV_DIMENSION' is not explicitly handled by a case label
C:\Program Files (x86)\Windows Kits\10\Include\10.0.20348.0\um\d3dcommon.h(305): message : see declaration of 'D3D_SRV_DIMENSION'
C:\Program Files (x86)\Windows Kits\10\Include\10.0.20348.0\um\d3d11_3.h(1130,1): warning C4061: enumerator 'D3D10_1_SRV_DIMENSION_BUFFER' in switch of enum 'D3D_SRV_DIMENSION' is not explicitly handled by a case label
C:\Program Files (x86)\Windows Kits\10\Include\10.0.20348.0\um\d3dcommon.h(305): message : see declaration of 'D3D_SRV_DIMENSION'
C:\Program Files (x86)\Windows Kits\10\Include\10.0.20348.0\um\d3d11_3.h(1130,1): warning C4061: enumerator 'D3D10_1_SRV_DIMENSION_TEXTURE1D' in switch of enum 'D3D_SRV_DIMENSION' is not explicitly handled by a case label
C:\Program Files (x86)\Windows Kits\10\Include\10.0.20348.0\um\d3dcommon.h(305): message : see declaration of 'D3D_SRV_DIMENSION'
C:\Program Files (x86)\Windows Kits\10\Include\10.0.20348.0\um\d3d11_3.h(1130,1): warning C4061: enumerator 'D3D10_1_SRV_DIMENSION_TEXTURE1DARRAY' in switch of enum 'D3D_SRV_DIMENSION' is not explicitly handled by a case label
C:\Program Files (x86)\Windows Kits\10\Include\10.0.20348.0\um\d3dcommon.h(305): message : see declaration of 'D3D_SRV_DIMENSION'
C:\Program Files (x86)\Windows Kits\10\Include\10.0.20348.0\um\d3d11_3.h(1130,1): warning C4061: enumerator 'D3D10_1_SRV_DIMENSION_TEXTURE3D' in switch of enum 'D3D_SRV_DIMENSION' is not explicitly handled by a case label
C:\Program Files (x86)\Windows Kits\10\Include\10.0.20348.0\um\d3dcommon.h(305): message : see declaration of 'D3D_SRV_DIMENSION'
C:\Program Files (x86)\Windows Kits\10\Include\10.0.20348.0\um\d3d11_3.h(1130,1): warning C4061: enumerator 'D3D11_SRV_DIMENSION_UNKNOWN' in switch of enum 'D3D_SRV_DIMENSION' is not explicitly handled by a case label
C:\Program Files (x86)\Windows Kits\10\Include\10.0.20348.0\um\d3dcommon.h(305): message : see declaration of 'D3D_SRV_DIMENSION'
C:\Program Files (x86)\Windows Kits\10\Include\10.0.20348.0\um\d3d11_3.h(1130,1): warning C4061: enumerator 'D3D11_SRV_DIMENSION_BUFFER' in switch of enum 'D3D_SRV_DIMENSION' is not explicitly handled by a case label
C:\Program Files (x86)\Windows Kits\10\Include\10.0.20348.0\um\d3dcommon.h(305): message : see declaration of 'D3D_SRV_DIMENSION'
C:\Program Files (x86)\Windows Kits\10\Include\10.0.20348.0\um\d3d11_3.h(1130,1): warning C4061: enumerator 'D3D11_SRV_DIMENSION_TEXTURE1D' in switch of enum 'D3D_SRV_DIMENSION' is not explicitly handled by a case label
C:\Program Files (x86)\Windows Kits\10\Include\10.0.20348.0\um\d3dcommon.h(305): message : see declaration of 'D3D_SRV_DIMENSION'
C:\Program Files (x86)\Windows Kits\10\Include\10.0.20348.0\um\d3d11_3.h(1130,1): warning C4061: enumerator 'D3D11_SRV_DIMENSION_TEXTURE1DARRAY' in switch of enum 'D3D_SRV_DIMENSION' is not explicitly handled by a case label
C:\Program Files (x86)\Windows Kits\10\Include\10.0.20348.0\um\d3dcommon.h(305): message : see declaration of 'D3D_SRV_DIMENSION'
C:\Program Files (x86)\Windows Kits\10\Include\10.0.20348.0\um\d3d11_3.h(1130,1): warning C4061: enumerator 'D3D11_SRV_DIMENSION_TEXTURE3D' in switch of enum 'D3D_SRV_DIMENSION' is not explicitly handled by a case label
C:\Program Files (x86)\Windows Kits\10\Include\10.0.20348.0\um\d3dcommon.h(305): message : see declaration of 'D3D_SRV_DIMENSION'
C:\Program Files (x86)\Windows Kits\10\Include\10.0.20348.0\um\d3d11_3.h(1130,1): warning C4061: enumerator 'D3D11_SRV_DIMENSION_BUFFEREX' in switch of enum 'D3D_SRV_DIMENSION' is not explicitly handled by a case label
C:\Program Files (x86)\Windows Kits\10\Include\10.0.20348.0\um\d3dcommon.h(305): message : see declaration of 'D3D_SRV_DIMENSION'
C:\Program Files (x86)\Windows Kits\10\Include\10.0.20348.0\um\d3d11_3.h(1400,1): warning C4061: enumerator 'D3D11_RTV_DIMENSION_UNKNOWN' in switch of enum 'D3D11_RTV_DIMENSION' is not explicitly handled by a case label
C:\Program Files (x86)\Windows Kits\10\Include\10.0.20348.0\um\d3d11.h(1191): message : see declaration of 'D3D11_RTV_DIMENSION'
C:\Program Files (x86)\Windows Kits\10\Include\10.0.20348.0\um\d3d11_3.h(1442,1): warning C4061: enumerator 'D3D11_RTV_DIMENSION_UNKNOWN' in switch of enum 'D3D11_RTV_DIMENSION' is not explicitly handled by a case label
C:\Program Files (x86)\Windows Kits\10\Include\10.0.20348.0\um\d3d11.h(1191): message : see declaration of 'D3D11_RTV_DIMENSION'
C:\Program Files (x86)\Windows Kits\10\Include\10.0.20348.0\um\d3d11_3.h(1442,1): warning C4061: enumerator 'D3D11_RTV_DIMENSION_BUFFER' in switch of enum 'D3D11_RTV_DIMENSION' is not explicitly handled by a case label
C:\Program Files (x86)\Windows Kits\10\Include\10.0.20348.0\um\d3d11.h(1191): message : see declaration of 'D3D11_RTV_DIMENSION'
C:\Program Files (x86)\Windows Kits\10\Include\10.0.20348.0\um\d3d11_3.h(1442,1): warning C4061: enumerator 'D3D11_RTV_DIMENSION_TEXTURE2D' in switch of enum 'D3D11_RTV_DIMENSION' is not explicitly handled by a case label
C:\Program Files (x86)\Windows Kits\10\Include\10.0.20348.0\um\d3d11.h(1191): message : see declaration of 'D3D11_RTV_DIMENSION'
C:\Program Files (x86)\Windows Kits\10\Include\10.0.20348.0\um\d3d11_3.h(1442,1): warning C4061: enumerator 'D3D11_RTV_DIMENSION_TEXTURE2DARRAY' in switch of enum 'D3D11_RTV_DIMENSION' is not explicitly handled by a case label
C:\Program Files (x86)\Windows Kits\10\Include\10.0.20348.0\um\d3d11.h(1191): message : see declaration of 'D3D11_RTV_DIMENSION'
C:\Program Files (x86)\Windows Kits\10\Include\10.0.20348.0\um\d3d11_3.h(1442,1): warning C4061: enumerator 'D3D11_RTV_DIMENSION_TEXTURE2DMS' in switch of enum 'D3D11_RTV_DIMENSION' is not explicitly handled by a case label
C:\Program Files (x86)\Windows Kits\10\Include\10.0.20348.0\um\d3d11.h(1191): message : see declaration of 'D3D11_RTV_DIMENSION'
C:\Program Files (x86)\Windows Kits\10\Include\10.0.20348.0\um\d3d11_3.h(1442,1): warning C4061: enumerator 'D3D11_RTV_DIMENSION_TEXTURE2DMSARRAY' in switch of enum 'D3D11_RTV_DIMENSION' is not explicitly handled by a case label
C:\Program Files (x86)\Windows Kits\10\Include\10.0.20348.0\um\d3d11.h(1191): message : see declaration of 'D3D11_RTV_DIMENSION'
C:\Program Files (x86)\Windows Kits\10\Include\10.0.20348.0\um\d3d11_3.h(1442,1): warning C4061: enumerator 'D3D11_RTV_DIMENSION_TEXTURE3D' in switch of enum 'D3D11_RTV_DIMENSION' is not explicitly handled by a case label
C:\Program Files (x86)\Windows Kits\10\Include\10.0.20348.0\um\d3d11.h(1191): message : see declaration of 'D3D11_RTV_DIMENSION'
C:\Program Files (x86)\Windows Kits\10\Include\10.0.20348.0\um\d3d11_3.h(1484,1): warning C4061: enumerator 'D3D11_RTV_DIMENSION_UNKNOWN' in switch of enum 'D3D11_RTV_DIMENSION' is not explicitly handled by a case label
C:\Program Files (x86)\Windows Kits\10\Include\10.0.20348.0\um\d3d11.h(1191): message : see declaration of 'D3D11_RTV_DIMENSION'
C:\Program Files (x86)\Windows Kits\10\Include\10.0.20348.0\um\d3d11_3.h(1484,1): warning C4061: enumerator 'D3D11_RTV_DIMENSION_BUFFER' in switch of enum 'D3D11_RTV_DIMENSION' is not explicitly handled by a case label
C:\Program Files (x86)\Windows Kits\10\Include\10.0.20348.0\um\d3d11.h(1191): message : see declaration of 'D3D11_RTV_DIMENSION'
C:\Program Files (x86)\Windows Kits\10\Include\10.0.20348.0\um\d3d11_3.h(1484,1): warning C4061: enumerator 'D3D11_RTV_DIMENSION_TEXTURE1D' in switch of enum 'D3D11_RTV_DIMENSION' is not explicitly handled by a case label
C:\Program Files (x86)\Windows Kits\10\Include\10.0.20348.0\um\d3d11.h(1191): message : see declaration of 'D3D11_RTV_DIMENSION'
C:\Program Files (x86)\Windows Kits\10\Include\10.0.20348.0\um\d3d11_3.h(1484,1): warning C4061: enumerator 'D3D11_RTV_DIMENSION_TEXTURE1DARRAY' in switch of enum 'D3D11_RTV_DIMENSION' is not explicitly handled by a case label
C:\Program Files (x86)\Windows Kits\10\Include\10.0.20348.0\um\d3d11.h(1191): message : see declaration of 'D3D11_RTV_DIMENSION'
C:\Program Files (x86)\Windows Kits\10\Include\10.0.20348.0\um\d3d11_3.h(1484,1): warning C4061: enumerator 'D3D11_RTV_DIMENSION_TEXTURE3D' in switch of enum 'D3D11_RTV_DIMENSION' is not explicitly handled by a case label
C:\Program Files (x86)\Windows Kits\10\Include\10.0.20348.0\um\d3d11.h(1191): message : see declaration of 'D3D11_RTV_DIMENSION'
C:\Program Files (x86)\Windows Kits\10\Include\10.0.20348.0\um\d3d11_3.h(1750,1): warning C4061: enumerator 'D3D11_UAV_DIMENSION_UNKNOWN' in switch of enum 'D3D11_UAV_DIMENSION' is not explicitly handled by a case label
C:\Program Files (x86)\Windows Kits\10\Include\10.0.20348.0\um\d3d11.h(1205): message : see declaration of 'D3D11_UAV_DIMENSION'
C:\Program Files (x86)\Windows Kits\10\Include\10.0.20348.0\um\d3d11_3.h(1794,1): warning C4061: enumerator 'D3D11_UAV_DIMENSION_UNKNOWN' in switch of enum 'D3D11_UAV_DIMENSION' is not explicitly handled by a case label
C:\Program Files (x86)\Windows Kits\10\Include\10.0.20348.0\um\d3d11.h(1205): message : see declaration of 'D3D11_UAV_DIMENSION'
C:\Program Files (x86)\Windows Kits\10\Include\10.0.20348.0\um\d3d11_3.h(1794,1): warning C4061: enumerator 'D3D11_UAV_DIMENSION_BUFFER' in switch of enum 'D3D11_UAV_DIMENSION' is not explicitly handled by a case label
C:\Program Files (x86)\Windows Kits\10\Include\10.0.20348.0\um\d3d11.h(1205): message : see declaration of 'D3D11_UAV_DIMENSION'
C:\Program Files (x86)\Windows Kits\10\Include\10.0.20348.0\um\d3d11_3.h(1794,1): warning C4061: enumerator 'D3D11_UAV_DIMENSION_TEXTURE2D' in switch of enum 'D3D11_UAV_DIMENSION' is not explicitly handled by a case label
C:\Program Files (x86)\Windows Kits\10\Include\10.0.20348.0\um\d3d11.h(1205): message : see declaration of 'D3D11_UAV_DIMENSION'
C:\Program Files (x86)\Windows Kits\10\Include\10.0.20348.0\um\d3d11_3.h(1794,1): warning C4061: enumerator 'D3D11_UAV_DIMENSION_TEXTURE2DARRAY' in switch of enum 'D3D11_UAV_DIMENSION' is not explicitly handled by a case label
C:\Program Files (x86)\Windows Kits\10\Include\10.0.20348.0\um\d3d11.h(1205): message : see declaration of 'D3D11_UAV_DIMENSION'
C:\Program Files (x86)\Windows Kits\10\Include\10.0.20348.0\um\d3d11_3.h(1794,1): warning C4061: enumerator 'D3D11_UAV_DIMENSION_TEXTURE3D' in switch of enum 'D3D11_UAV_DIMENSION' is not explicitly handled by a case label
C:\Program Files (x86)\Windows Kits\10\Include\10.0.20348.0\um\d3d11.h(1205): message : see declaration of 'D3D11_UAV_DIMENSION'
C:\Program Files (x86)\Windows Kits\10\Include\10.0.20348.0\um\d3d11_3.h(1828,1): warning C4061: enumerator 'D3D11_UAV_DIMENSION_UNKNOWN' in switch of enum 'D3D11_UAV_DIMENSION' is not explicitly handled by a case label
C:\Program Files (x86)\Windows Kits\10\Include\10.0.20348.0\um\d3d11.h(1205): message : see declaration of 'D3D11_UAV_DIMENSION'
C:\Program Files (x86)\Windows Kits\10\Include\10.0.20348.0\um\d3d11_3.h(1828,1): warning C4061: enumerator 'D3D11_UAV_DIMENSION_BUFFER' in switch of enum 'D3D11_UAV_DIMENSION' is not explicitly handled by a case label
C:\Program Files (x86)\Windows Kits\10\Include\10.0.20348.0\um\d3d11.h(1205): message : see declaration of 'D3D11_UAV_DIMENSION'
C:\Program Files (x86)\Windows Kits\10\Include\10.0.20348.0\um\d3d11_3.h(1828,1): warning C4061: enumerator 'D3D11_UAV_DIMENSION_TEXTURE1D' in switch of enum 'D3D11_UAV_DIMENSION' is not explicitly handled by a case label
C:\Program Files (x86)\Windows Kits\10\Include\10.0.20348.0\um\d3d11.h(1205): message : see declaration of 'D3D11_UAV_DIMENSION'
C:\Program Files (x86)\Windows Kits\10\Include\10.0.20348.0\um\d3d11_3.h(1828,1): warning C4061: enumerator 'D3D11_UAV_DIMENSION_TEXTURE1DARRAY' in switch of enum 'D3D11_UAV_DIMENSION' is not explicitly handled by a case label
C:\Program Files (x86)\Windows Kits\10\Include\10.0.20348.0\um\d3d11.h(1205): message : see declaration of 'D3D11_UAV_DIMENSION'
C:\Program Files (x86)\Windows Kits\10\Include\10.0.20348.0\um\d3d11_3.h(1828,1): warning C4061: enumerator 'D3D11_UAV_DIMENSION_TEXTURE3D' in switch of enum 'D3D11_UAV_DIMENSION' is not explicitly handled by a case label
C:\Program Files (x86)\Windows Kits\10\Include\10.0.20348.0\um\d3d11.h(1205): message : see declaration of 'D3D11_UAV_DIMENSION'
C:\Program Files (x86)\Windows Kits\10\Include\10.0.20348.0\um\d3d11_4.h(3786,40): warning C4820: 'D3D11_VIDEO_DECODER_BUFFER_DESC2': '4' bytes padding added after data member 'D3D11_VIDEO_DECODER_BUFFER_DESC2::DataSize'
C:\Program Files (x86)\Windows Kits\10\Include\10.0.20348.0\um\d3d11_4.h(3789,114): warning C4820: 'D3D11_VIDEO_DECODER_BUFFER_DESC2': '4' bytes padding added after data member 'D3D11_VIDEO_DECODER_BUFFER_DESC2::IVSize'
C:\Program Files (x86)\Windows Kits\10\Include\10.0.20348.0\um\d3d11_4.h(3793,5): warning C4820: 'D3D11_VIDEO_DECODER_BUFFER_DESC2': '4' bytes padding added after data member 'D3D11_VIDEO_DECODER_BUFFER_DESC2::cBlocksStripeClear'
C:\Program Files (x86)\Windows Kits\10\Include\10.0.20348.0\um\DirectXMath.h(22,127): warning C4668: '_MANAGED' is not defined as a preprocessor macro, replacing with '0' for '#if/#elif'
C:\Program Files (x86)\Windows Kits\10\Include\10.0.20348.0\um\DirectXMath.h(22,142): warning C4668: '_M_CEE' is not defined as a preprocessor macro, replacing with '0' for '#if/#elif'
Main.obj : error LNK2019: unresolved external symbol "long __cdecl library::InitWindow(struct HINSTANCE__ *,int)" (?InitWindow@library@@YAJPEAUHINSTANCE__@@H@Z) referenced in function wWinMain
Main.obj : error LNK2019: unresolved external symbol "long __cdecl library::InitDevice(void)" (?InitDevice@library@@YAJXZ) referenced in function wWinMain
Main.obj : error LNK2019: unresolved external symbol "void __cdecl library::CleanupDevice(void)" (?CleanupDevice@library@@YAXXZ) referenced in function wWinMain
Main.obj : error LNK2019: unresolved external symbol "void __cdecl library::Render(void)" (?Render@library@@YAXXZ) referenced in function wWinMain
C:\Users\Home\Documents\DongjooYun\KHU\2022-1_GGP\NiNiEngine\Build\x64\Debug\Game.exe : fatal error LNK1120: 4 unresolved externals
